133
580
1
1
1
1
1
1
1
1
1
1
1
1
1
1
1
1
1
1
1
1
1
1
1
1
1
1
1
1
1
1
1
1
1
1
1
1
1
1
1
1
1
1
1
1
1
1
1
1
1
1
1
1
1
1
1
1
1
1
1
1
1
1
1
1
1
1
1
1
1
1
1
1
1
1
1
1
1
1
1
1
1
1
1
1
1
1
1
1
1
1
1
1
1
1
1
1
1
1
1
1
1
1
1
1
1
1
1
1
1
1
1
1
1
1
1
1
1
1
1
1
1
1
1
1
1
1
1
1
1
1
1
1
1
4 0 60 (32.000000 -2016.000000 800.000000) (32.000000 -2016.000000 832.000000) (32.000000 -722.000000 832.000000) (32.000000 -722.000000 800.000000) 
4 0 15 (32.000000 -722.000000 832.000000) (32.000000 0.000000 832.000000) (32.000000 0.000000 800.000000) (32.000000 -722.000000 800.000000) 
4 0 5 (32.000000 0.000000 832.000000) (32.000000 736.000000 832.000000) (32.000000 736.000000 800.000000) (32.000000 0.000000 800.000000) 
4 0 2 (32.000000 704.000000 800.000000) (32.000000 736.000000 800.000000) (762.483000 736.000000 800.000000) (762.483000 704.000000 800.000000) 
4 0 4 (32.000000 -2016.000000 800.000000) (32.000000 -1984.000000 800.000000) (762.483000 -1984.000000 800.000000) (762.483000 -2016.000000 800.000000) 
4 0 1 (762.483000 736.000000 800.000000) (800.000000 736.000000 800.000000) (800.000000 -2016.000000 800.000000) (762.483000 -2016.000000 800.000000) 
4 1 127 (762.483000 736.000000 0.000000) (800.000000 736.000000 0.000000) (800.000000 -1984.000000 0.000000) (762.483000 -1984.000000 0.000000) 
4 1 130 (800.000000 -1984.000000 0.000000) (800.000000 -2016.000000 0.000000) (762.483000 -2016.000000 0.000000) (762.483000 -1984.000000 0.000000) 
4 1 2 (762.483000 736.000000 800.000000) (762.483000 736.000000 -0.000000) (762.483000 704.000000 0.000000) (762.483000 704.000000 800.000000) 
4 1 4 (762.483000 -1984.000000 0.000000) (762.483000 -2016.000000 -0.000000) (762.483000 -2016.000000 800.000000) (762.483000 -1984.000000 800.000000) 
4 2 128 (32.000000 704.000000 0.000000) (32.000000 736.000000 0.000000) (762.483000 736.000000 0.000000) (762.483000 704.000000 0.000000) 
4 2 6 (32.000000 736.000000 0.000000) (32.000000 704.000000 0.000000) (32.000000 704.000000 800.000000) (32.000000 736.000000 800.000000) 
4 3 129 (32.000000 -1984.000000 0.000000) (32.000000 704.000000 0.000000) (762.483000 704.000000 0.000000) (762.483000 -1984.000000 0.000000) 
4 3 86 (32.000000 -1824.000000 0.000000) (32.000000 -1984.000000 0.000000) (32.000000 -1984.000000 512.000000) (32.000000 -1824.000000 512.000000) 
4 3 61 (32.000000 -1984.000000 512.000000) (32.000000 -1984.000000 800.000000) (32.000000 -722.000000 800.000000) (32.000000 -722.000000 512.000000) 
4 3 58 (32.000000 -722.000000 512.000000) (32.000000 -722.000000 519.364675) (32.000000 0.000000 576.812121) (32.000000 0.000000 512.000000) 
5 3 16 (32.000000 -722.000000 519.682944) (32.000000 -722.000000 800.000000) (32.000000 0.000000 800.000000) (32.000000 0.000000 576.812121) (32.000000 -720.000000 519.523810) 
3 3 57 (32.000000 -722.000000 519.364675) (32.000000 -722.000000 519.682944) (32.000000 -720.000000 519.523810) 
4 3 8 (32.000000 0.000000 512.000000) (32.000000 0.000000 800.000000) (32.000000 384.000000 800.000000) (32.000000 384.000000 512.000000) 
4 3 7 (32.000000 704.000000 0.000000) (32.000000 384.000000 0.000000) (32.000000 384.000000 800.000000) (32.000000 704.000000 800.000000) 
4 4 130 (32.000000 -2016.000000 0.000000) (32.000000 -1984.000000 0.000000) (762.483000 -1984.000000 0.000000) (762.483000 -2016.000000 0.000000) 
4 4 87 (32.000000 -1984.000000 0.000000) (32.000000 -2016.000000 0.000000) (32.000000 -2016.000000 800.000000) (32.000000 -1984.000000 800.000000) 
4 5 88 (-1154.000000 0.000000 832.000000) (-2426.480000 0.000000 832.000000) (-2426.480000 0.000000 800.000000) (-1154.000000 0.000000 800.000000) 
4 5 125 (-2426.480000 0.000000 832.000000) (-2464.000000 0.000000 832.000000) (-2464.000000 0.000000 800.000000) (-2426.480000 0.000000 800.000000) 
4 5 15 (32.000000 0.000000 800.000000) (32.000000 0.000000 832.000000) (-1154.000000 0.000000 832.000000) (-1154.000000 0.000000 800.000000) 
4 5 6 (-2426.480000 704.000000 800.000000) (-2426.480000 736.000000 800.000000) (32.000000 736.000000 800.000000) (32.000000 704.000000 800.000000) 
4 5 14 (-2426.480000 0.000000 800.000000) (-2464.000000 0.000000 800.000000) (-2464.000000 736.000000 800.000000) (-2426.480000 736.000000 800.000000) 
4 6 128 (32.000000 736.000000 0.000000) (32.000000 704.000000 0.000000) (-2426.480000 704.000000 0.000000) (-2426.480000 736.000000 0.000000) 
4 6 14 (-2426.480000 736.000000 800.000000) (-2426.480000 736.000000 -0.000000) (-2426.480000 704.000000 0.000000) (-2426.480000 704.000000 800.000000) 
4 7 129 (32.000000 704.000000 0.000000) (32.000000 384.000000 0.000000) (-2426.480000 384.000000 0.000000) (-2426.480000 704.000000 0.000000) 
4 7 9 (-2426.480000 384.000000 0.000000) (-2304.000000 384.000000 0.000000) (-2304.000000 384.000000 512.000000) (-2426.480000 384.000000 512.000000) 
4 7 8 (32.000000 384.000000 512.000000) (32.000000 384.000000 800.000000) (-2426.480000 384.000000 800.000000) (-2426.480000 384.000000 512.000000) 
4 8 89 (-1154.000000 0.000000 800.000000) (-2426.480000 0.000000 800.000000) (-2426.480000 0.000000 512.000000) (-1154.000000 0.000000 512.000000) 
3 8 59 (0.000000 0.000000 570.716883) (-308.263636 0.000000 512.000000) (0.000000 0.000000 512.000000) 
4 8 58 (32.000000 0.000000 512.000000) (32.000000 0.000000 576.812121) (0.000000 0.000000 570.716883) (0.000000 0.000000 512.000000) 
5 8 16 (32.000000 0.000000 576.812121) (32.000000 0.000000 800.000000) (-1154.000000 0.000000 800.000000) (-1154.000000 0.000000 512.000000) (-308.263636 0.000000 512.000000) 
4 8 13 (-2426.480000 0.000000 512.000000) (-2426.480000 352.000000 512.000000) (-2336.000000 352.000000 512.000000) (-2336.000000 0.000000 512.000000) 
4 8 12 (-2304.000000 352.000000 512.000000) (-2048.000000 352.000000 512.000000) (-2048.000000 0.000000 512.000000) (-2304.000000 0.000000 512.000000) 
4 8 11 (0.000000 32.000000 512.000000) (0.000000 0.000000 512.000000) (-2048.000000 0.000000 512.000000) (-2048.000000 32.000000 512.000000) 
4 8 10 (-2048.000000 352.000000 512.000000) (0.000000 352.000000 512.000000) (0.000000 32.000000 512.000000) (-2048.000000 32.000000 512.000000) 
4 8 9 (-2426.480000 352.000000 512.000000) (-2426.480000 384.000000 512.000000) (-2304.000000 384.000000 512.000000) (-2304.000000 352.000000 512.000000) 
4 9 129 (-2304.000000 352.000000 0.000000) (-2426.480000 352.000000 0.000000) (-2426.480000 384.000000 0.000000) (-2304.000000 384.000000 0.000000) 
4 9 13 (-2426.480000 352.000000 512.000000) (-2426.480000 352.000000 0.000000) (-2336.000000 352.000000 0.000000) (-2336.000000 352.000000 512.000000) 
4 10 12 (-2048.000000 32.000000 160.000000) (-2048.000000 32.000000 512.000000) (-2048.000000 352.000000 512.000000) (-2048.000000 352.000000 160.000000) 
4 10 11 (0.000000 32.000000 256.000000) (0.000000 32.000000 512.000000) (-2048.000000 32.000000 512.000000) (-2048.000000 32.000000 256.000000) 
3 11 91 (-1903.103333 0.000000 256.000000) (-1154.000000 0.000000 256.000000) (-1154.000000 0.000000 314.489004) 
5 11 90 (-1154.000000 0.000000 512.000000) (-2048.000000 0.000000 512.000000) (-2048.000000 0.000000 256.000000) (-1903.103333 0.000000 256.000000) (-1154.000000 0.000000 314.489004) 
5 11 59 (0.000000 0.000000 256.000000) (0.000000 0.000000 512.000000) (-308.263636 0.000000 512.000000) (-1154.000000 0.000000 350.907359) (-1154.000000 0.000000 256.000000) 
3 11 19 (-1154.000000 0.000000 454.000000) (-1154.000000 0.000000 350.907359) (-612.763636 0.000000 454.000000) 
4 11 18 (-1154.000000 0.000000 480.000000) (-1154.000000 0.000000 454.000000) (-1150.000000 0.000000 454.000000) (-1150.000000 0.000000 480.000000) 
4 11 17 (-1150.000000 0.000000 454.000000) (-612.763636 0.000000 454.000000) (-476.263636 0.000000 480.000000) (-1150.000000 0.000000 480.000000) 
4 11 16 (-308.263636 0.000000 512.000000) (-1154.000000 0.000000 512.000000) (-1154.000000 0.000000 480.000000) (-476.263636 0.000000 480.000000) 
4 11 12 (-2048.000000 0.000000 256.000000) (-2048.000000 0.000000 512.000000) (-2048.000000 32.000000 512.000000) (-2048.000000 32.000000 256.000000) 
5 12 121 (-2048.000000 0.000000 64.000000) (-2048.000000 0.000000 224.603664) (-2176.607407 0.000000 234.645161) (-2304.000000 0.000000 224.698515) (-2304.000000 0.000000 64.000000) 
3 12 91 (-2048.000000 0.000000 224.603664) (-2048.000000 0.000000 244.686659) (-2176.607407 0.000000 234.645161) 
4 12 90 (-2048.000000 0.000000 244.686659) (-2048.000000 0.000000 512.000000) (-2304.000000 0.000000 512.000000) (-2304.000000 0.000000 224.698515) 
4 13 129 (-2336.000000 0.000000 0.000000) (-2426.480000 0.000000 0.000000) (-2426.480000 352.000000 0.000000) (-2336.000000 352.000000 0.000000) 
4 13 124 (-2426.480000 0.000000 0.000000) (-2336.000000 0.000000 0.000000) (-2336.000000 0.000000 512.000000) (-2426.480000 0.000000 512.000000) 
4 14 131 (-2426.480000 0.000000 0.000000) (-2464.000000 0.000000 0.000000) (-2464.000000 736.000000 0.000000) (-2426.480000 736.000000 0.000000) 
4 14 125 (-2464.000000 0.000000 0.000000) (-2426.480000 0.000000 0.000000) (-2426.480000 0.000000 800.000000) (-2464.000000 0.000000 800.000000) 
4 15 88 (-1154.000000 0.000000 832.000000) (-1154.000000 0.000000 800.000000) (-1154.000000 -722.000000 800.000000) (-1154.000000 -722.000000 832.000000) 
4 15 60 (32.000000 -722.000000 800.000000) (32.000000 -722.000000 832.000000) (-1154.000000 -722.000000 832.000000) (-1154.000000 -722.000000 800.000000) 
4 16 90 (-1154.000000 0.000000 512.000000) (-1154.000000 0.000000 480.000000) (-1154.000000 -722.000000 480.000000) (-1154.000000 -722.000000 512.000000) 
4 16 89 (-1154.000000 0.000000 800.000000) (-1154.000000 0.000000 512.000000) (-1154.000000 -722.000000 512.000000) (-1154.000000 -722.000000 800.000000) 
4 16 63 (-1102.833660 -722.000000 480.000000) (-176.335455 -722.000000 480.000000) (-8.335455 -722.000000 512.000000) (-981.779542 -722.000000 512.000000) 
4 16 62 (-1154.000000 -722.000000 512.000000) (-1154.000000 -722.000000 480.000000) (-1102.833660 -722.000000 480.000000) (-981.779542 -722.000000 512.000000) 
5 16 61 (32.000000 -722.000000 519.682944) (32.000000 -722.000000 800.000000) (-1154.000000 -722.000000 800.000000) (-1154.000000 -722.000000 512.000000) (-8.335455 -722.000000 512.000000) 
4 16 59 (-476.263636 0.000000 480.000000) (0.000000 0.000000 570.716883) (0.000000 -720.000000 513.428571) (-175.500000 -720.000000 480.000000) 
4 16 58 (0.000000 0.000000 570.716883) (32.000000 0.000000 576.812121) (32.000000 -720.000000 519.523810) (0.000000 -720.000000 513.428571) 
4 16 18 (-1154.000000 0.000000 480.000000) (-1150.000000 0.000000 480.000000) (-1150.000000 -718.000000 480.000000) (-1154.000000 -718.000000 480.000000) 
5 16 17 (-1150.000000 0.000000 480.000000) (-476.263636 0.000000 480.000000) (-175.500000 -720.000000 480.000000) (-176.335455 -722.000000 480.000000) (-1150.000000 -722.000000 480.000000) 
4 16 57 (32.000000 -722.000000 519.682944) (-176.335455 -722.000000 480.000000) (-175.500000 -720.000000 480.000000) (32.000000 -720.000000 519.523810) 
3 17 65 (-1150.000000 -722.000000 454.000000) (-1130.938663 -722.000000 454.000000) (-1150.000000 -722.000000 465.909355) 
4 17 64 (-1130.938663 -722.000000 454.000000) (-1102.859673 -722.000000 454.000000) (-1150.000000 -722.000000 466.434007) (-1150.000000 -722.000000 465.909355) 
6 17 63 (-1102.859673 -722.000000 454.000000) (-312.835455 -722.000000 454.000000) (-176.335455 -722.000000 480.000000) (-1102.833660 -722.000000 480.000000) (-1150.000000 -722.000000 467.531834) (-1150.000000 -722.000000 466.434007) 
3 17 62 (-1102.833660 -722.000000 480.000000) (-1150.000000 -722.000000 480.000000) (-1150.000000 -722.000000 467.531834) 
4 17 59 (-612.763636 0.000000 454.000000) (-476.263636 0.000000 480.000000) (-175.500000 -720.000000 480.000000) (-312.000000 -720.000000 454.000000) 
3 17 33 (-1150.000000 -715.212187 454.000000) (-1150.000000 -698.963192 454.000000) (-1144.191213 -701.306495 454.000000) 
6 17 25 (-1130.938663 -722.000000 454.000000) (-1150.000000 -722.000000 454.000000) (-1150.000000 -715.212187 454.000000) (-1144.191213 -701.306495 454.000000) (-1136.788362 -704.292854 454.000000) (-1130.165134 -720.148243 454.000000) 
3 17 22 (-1129.391604 -722.000000 454.000000) (-1130.938663 -722.000000 454.000000) (-1130.165134 -720.148243 454.000000) 
3 17 20 (-1150.000000 -698.963192 454.000000) (-1150.000000 -672.665429 454.000000) (-1136.788362 -704.292854 454.000000) 
6 17 19 (-1150.000000 0.000000 454.000000) (-612.763636 0.000000 454.000000) (-312.000000 -720.000000 454.000000) (-312.835455 -722.000000 454.000000) (-1129.391604 -722.000000 454.000000) (-1150.000000 -672.665429 454.000000) 
4 17 18 (-1150.000000 0.000000 480.000000) (-1150.000000 0.000000 454.000000) (-1150.000000 -718.000000 454.000000) (-1150.000000 -718.000000 480.000000) 
4 17 57 (-176.335455 -722.000000 480.000000) (-312.835455 -722.000000 454.000000) (-312.000000 -720.000000 454.000000) (-175.500000 -720.000000 480.000000) 
4 18 90 (-1154.000000 0.000000 480.000000) (-1154.000000 0.000000 454.000000) (-1154.000000 -718.000000 454.000000) (-1154.000000 -718.000000 480.000000) 
7 18 33 (-1154.000000 -715.212187 454.000000) (-1154.000000 -698.983284 454.000000) (-1151.975098 -698.166425 454.000000) (-1150.000000 -698.963192 454.000000) (-1150.000000 -715.212187 454.000000) (-1151.164545 -718.000000 454.000000) (-1152.835455 -718.000000 454.000000) 
3 18 31 (-1154.000000 -718.000000 454.000000) (-1154.000000 -715.212187 454.000000) (-1152.835455 -718.000000 454.000000) 
3 18 25 (-1150.000000 -715.212187 454.000000) (-1150.000000 -718.000000 454.000000) (-1151.164545 -718.000000 454.000000) 
3 18 21 (-1154.000000 -698.983284 454.000000) (-1154.000000 -697.349566 454.000000) (-1151.975098 -698.166425 454.000000) 
4 18 20 (-1154.000000 -697.349566 454.000000) (-1154.000000 -663.089803 454.000000) (-1150.000000 -672.665429 454.000000) (-1150.000000 -698.963192 454.000000) 
4 18 19 (-1154.000000 -663.089803 454.000000) (-1154.000000 0.000000 454.000000) (-1150.000000 0.000000 454.000000) (-1150.000000 -672.665429 454.000000) 
3 19 91 (-1154.000000 -133.344161 340.297551) (-1154.000000 -200.942742 334.918928) (-1154.000000 -488.871316 409.109259) 
5 19 90 (-1154.000000 0.000000 454.000000) (-1154.000000 0.000000 350.907359) (-1154.000000 -133.344161 340.297551) (-1154.000000 -488.871316 409.109259) (-1154.000000 -663.089803 454.000000) 
4 19 64 (-936.734405 -722.000000 335.162105) (-771.580749 -722.000000 366.619944) (-1102.859673 -722.000000 454.000000) (-1129.391604 -722.000000 454.000000) 
3 19 63 (-771.580749 -722.000000 366.619944) (-312.835455 -722.000000 454.000000) (-1102.859673 -722.000000 454.000000) 
5 19 59 (-1154.000000 -200.942742 334.918928) (-1154.000000 0.000000 350.907359) (-612.763636 0.000000 454.000000) (-312.000000 -720.000000 454.000000) (-937.175627 -720.000000 334.918928) 
3 19 39 (-1129.690000 -698.000000 448.000000) (-1120.500000 -720.000000 448.000000) (-1128.235617 -710.220044 450.251614) 
4 19 37 (-1134.324291 -702.108401 451.917206) (-1129.690000 -698.000000 448.000000) (-1128.235617 -710.220044 450.251614) (-1134.281058 -702.576938 452.011266) 
3 19 35 (-1134.516722 -702.278994 452.079861) (-1134.324291 -702.108401 451.917206) (-1134.281058 -702.576938 452.011266) 
4 19 25 (-1130.165134 -720.148243 454.000000) (-1136.788362 -704.292854 454.000000) (-1134.516722 -702.278994 452.079861) (-1120.500000 -720.000000 448.000000) 
4 19 23 (-1110.025619 -680.567095 431.378379) (-995.908264 -579.399562 334.918928) (-938.342721 -717.206088 334.918928) (-1093.121945 -719.580078 431.004029) 
5 19 22 (-936.734405 -722.000000 335.162105) (-1129.391604 -722.000000 454.000000) (-1130.165134 -720.148243 454.000000) (-938.342721 -717.206088 334.918928) (-937.175627 -720.000000 334.918928) 
4 19 20 (-1136.788362 -704.292854 454.000000) (-1154.000000 -663.089803 454.000000) (-1154.000000 -200.942742 334.918928) (-995.908264 -579.399562 334.918928) 
4 19 57 (-312.835455 -722.000000 454.000000) (-936.734405 -722.000000 335.162105) (-937.175627 -720.000000 334.918928) (-312.000000 -720.000000 454.000000) 
4 20 91 (-1154.000000 -200.942742 334.918928) (-1154.000000 -481.551558 312.591699) (-1154.000000 -687.516789 447.556770) (-1154.000000 -488.871316 409.109259) 
4 20 90 (-1154.000000 -687.516789 447.556770) (-1154.000000 -697.349566 454.000000) (-1154.000000 -663.089803 454.000000) (-1154.000000 -488.871316 409.109259) 
3 20 59 (-1154.000000 -481.551558 312.591699) (-1154.000000 -200.942742 334.918928) (-995.908264 -579.399562 334.918928) 
3 20 37 (-1129.690000 -698.000000 448.000000) (-1134.324291 -702.108401 451.917206) (-1152.000000 -689.000000 448.000000) 
5 20 35 (-1134.324291 -702.108401 451.917206) (-1134.516722 -702.278994 452.079861) (-1144.191213 -701.306495 454.000000) (-1151.983291 -695.150660 452.025993) (-1152.000000 -689.000000 448.000000) 
3 20 33 (-1144.191213 -701.306495 454.000000) (-1151.975098 -698.166425 454.000000) (-1151.983291 -695.150660 452.025993) 
3 20 26 (-1152.070555 -663.028629 431.000109) (-1152.070831 -662.927200 430.933718) (-1151.999024 -662.956340 430.933831) 
3 20 25 (-1134.516722 -702.278994 452.079861) (-1136.788362 -704.292854 454.000000) (-1144.191213 -701.306495 454.000000) 
5 20 24 (-1152.070831 -662.927200 430.933718) (-1152.473952 -514.538194 333.803807) (-1152.000000 -514.642197 333.746672) (-1103.415352 -534.241562 333.746672) (-1110.000000 -680.000000 431.000000) 
3 20 51 (-1152.000000 -514.642197 333.746672) (-1103.015539 -525.391278 327.841562) (-1103.415352 -534.241562 333.746672) 
4 20 23 (-995.908264 -579.399562 334.918928) (-1110.025619 -680.567095 431.378379) (-1103.015539 -525.391278 327.841562) (-1072.267043 -532.138685 324.134810) 
4 20 52 (-1152.473952 -514.538194 333.803807) (-1152.560355 -482.733093 312.985374) (-1152.000000 -482.789421 312.874158) (-1072.267043 -532.138685 324.134810) 
3 20 53 (-1152.560355 -482.733093 312.985374) (-1152.561145 -482.442110 312.794907) (-1152.000000 -482.789421 312.874158) 
4 20 21 (-1151.975098 -698.166425 454.000000) (-1154.000000 -697.349566 454.000000) (-1154.000000 -481.551558 312.591699) (-1152.561145 -482.442110 312.794907) 
4 21 91 (-1154.000000 -481.551558 312.591699) (-1154.000000 -482.585895 312.509399) (-1154.000000 -689.806813 448.000000) (-1154.000000 -687.516789 447.556770) 
4 21 90 (-1154.000000 -689.806813 448.000000) (-1154.000000 -698.983284 454.000000) (-1154.000000 -697.349566 454.000000) (-1154.000000 -687.516789 447.556770) 
3 21 59 (-1154.000000 -482.585895 312.509399) (-1154.000000 -481.551558 312.591699) (-1152.561145 -482.442110 312.794907) 
4 21 35 (-1152.000000 -689.000000 448.000000) (-1151.983291 -695.150660 452.025993) (-1154.000000 -695.408033 451.662336) (-1154.000000 -689.806813 448.000000) 
4 21 33 (-1151.983291 -695.150660 452.025993) (-1151.975098 -698.166425 454.000000) (-1154.000000 -698.983284 454.000000) (-1154.000000 -695.408033 451.662336) 
4 21 26 (-1152.070831 -662.927200 430.933718) (-1152.070555 -663.028629 431.000109) (-1154.000000 -663.811548 431.003096) (-1154.000000 -660.944405 429.128426) 
4 21 24 (-1152.473952 -514.538194 333.803807) (-1152.070831 -662.927200 430.933718) (-1154.000000 -660.944405 429.128426) (-1154.000000 -515.153812 333.803807) 
4 21 52 (-1152.560355 -482.733093 312.985374) (-1152.473952 -514.538194 333.803807) (-1154.000000 -515.153812 333.803807) (-1154.000000 -483.624742 313.188646) 
4 21 53 (-1152.561145 -482.442110 312.794907) (-1152.560355 -482.733093 312.985374) (-1154.000000 -483.624742 313.188646) (-1154.000000 -482.585895 312.509399) 
4 22 64 (-939.799917 -722.000000 334.578198) (-936.734405 -722.000000 335.162105) (-1129.391604 -722.000000 454.000000) (-1130.938663 -722.000000 454.000000) 
3 22 59 (-938.342721 -717.206088 334.918928) (-937.175627 -720.000000 334.918928) (-938.964463 -720.000000 334.578198) 
3 22 28 (-1090.473689 -722.000000 428.717841) (-1093.532908 -722.000000 430.629214) (-1092.665136 -719.997501 430.609675) 
4 22 25 (-1121.335455 -722.000000 448.000000) (-1130.938663 -722.000000 454.000000) (-1130.165134 -720.148243 454.000000) (-1120.500000 -720.000000 448.000000) 
5 22 23 (-939.799917 -722.000000 334.578198) (-1090.473689 -722.000000 428.717841) (-1093.121945 -719.580078 431.004029) (-938.342721 -717.206088 334.918928) (-938.964463 -720.000000 334.578198) 
4 22 57 (-936.734405 -722.000000 335.162105) (-939.799917 -722.000000 334.578198) (-938.964463 -720.000000 334.578198) (-937.175627 -720.000000 334.918928) 
3 23 68 (-1013.940962 -722.000000 320.456094) (-939.799917 -722.000000 334.578198) (-1090.473689 -722.000000 428.717841) 
6 23 59 (-1072.267043 -532.138685 324.134810) (-995.908264 -579.399562 334.918928) (-938.342721 -717.206088 334.918928) (-938.964463 -720.000000 334.578198) (-1014.593589 -720.000000 320.172650) (-1083.380409 -558.323237 319.934549) 
4 23 30 (-1096.854367 -668.200513 405.285584) (-1053.274785 -629.083593 320.038758) (-1014.895497 -719.290394 320.171605) (-1074.631646 -719.833535 405.000918) 
5 23 28 (-1013.940962 -722.000000 320.456094) (-1090.473689 -722.000000 428.717841) (-1092.665136 -719.997501 430.609675) (-1014.895497 -719.290394 320.171605) (-1014.593589 -720.000000 320.172650) 
4 23 24 (-1110.000000 -680.000000 431.000000) (-1103.415352 -534.241562 333.746672) (-1055.204050 -624.549041 320.032080) (-1053.274785 -629.083593 320.038758) 
4 23 51 (-1103.415352 -534.241562 333.746672) (-1103.015539 -525.391278 327.841562) (-1083.380409 -558.323237 319.934549) (-1055.204050 -624.549041 320.032080) 
3 23 52 (-1103.015539 -525.391278 327.841562) (-1072.267043 -532.138685 324.134810) (-1083.380409 -558.323237 319.934549) 
4 23 57 (-939.799917 -722.000000 334.578198) (-1013.940962 -722.000000 320.456094) (-1014.593589 -720.000000 320.172650) (-938.964463 -720.000000 334.578198) 
3 24 96 (-1154.000000 -660.944405 429.128426) (-1154.000000 -515.153812 333.803807) (-1154.000000 -588.080920 319.688882) 
3 24 59 (-1057.592202 -626.904009 319.389816) (-1055.204050 -624.549041 320.032080) (-1053.274785 -629.083593 320.038758) 
4 24 32 (-1151.626495 -646.293160 405.679580) (-1150.353942 -589.371943 319.411372) (-1104.563200 -607.899206 319.400731) (-1096.880000 -668.000000 405.000000) 
4 24 30 (-1053.274785 -629.083593 320.038758) (-1096.854367 -668.200513 405.285584) (-1104.563200 -607.899206 319.400731) (-1057.592202 -626.904009 319.389816) 
6 24 26 (-1151.999024 -662.956340 430.933831) (-1152.070831 -662.927200 430.933718) (-1154.000000 -660.944405 429.128426) (-1154.000000 -588.080920 319.688882) (-1152.000000 -588.705936 319.411754) (-1150.353942 -589.371943 319.411372) 
5 24 51 (-1152.000000 -588.705936 319.411754) (-1152.000000 -514.642197 333.746672) (-1103.415352 -534.241562 333.746672) (-1055.204050 -624.549041 320.032080) (-1057.592202 -626.904009 319.389816) 
5 24 52 (-1154.000000 -588.080920 319.688882) (-1154.000000 -515.153812 333.803807) (-1152.473952 -514.538194 333.803807) (-1152.000000 -514.642197 333.746672) (-1152.000000 -588.705936 319.411754) 
3 25 65 (-1121.335455 -722.000000 448.000000) (-1130.938663 -722.000000 454.000000) (-1152.835455 -722.000000 454.000000) 
3 25 39 (-1152.000000 -720.000000 454.000000) (-1128.235617 -710.220044 450.251614) (-1120.500000 -720.000000 448.000000) 
3 25 37 (-1152.000000 -720.000000 454.000000) (-1134.281058 -702.576938 452.011266) (-1128.235617 -710.220044 450.251614) 
4 25 35 (-1152.000000 -720.000000 454.000000) (-1144.191213 -701.306495 454.000000) (-1134.516722 -702.278994 452.079861) (-1134.281058 -702.576938 452.011266) 
3 25 27 (-1149.971818 -722.000000 453.454545) (-1152.835455 -722.000000 454.000000) (-1152.000000 -720.000000 454.000000) 
4 26 96 (-1154.000000 -663.811548 431.003096) (-1154.000000 -660.944405 429.128426) (-1154.000000 -588.080920 319.688882) (-1154.000000 -590.697986 319.182354) 
3 26 34 (-1154.000000 -646.793316 404.975211) (-1154.000000 -644.430221 401.361066) (-1152.000000 -646.000000 405.000000) 
5 26 32 (-1150.353942 -589.371943 319.411372) (-1151.626495 -646.293160 405.679580) (-1154.000000 -644.430221 401.361066) (-1154.000000 -590.697986 319.182354) (-1152.000000 -589.888767 319.182819) 
3 26 51 (-1152.000000 -589.888767 319.182819) (-1152.000000 -588.705936 319.411754) (-1150.353942 -589.371943 319.411372) 
4 26 52 (-1154.000000 -590.697986 319.182354) (-1154.000000 -588.080920 319.688882) (-1152.000000 -588.705936 319.411754) (-1152.000000 -589.888767 319.182819) 
3 27 95 (-1154.000000 -722.000000 453.769061) (-1154.000000 -722.000000 454.000000) (-1154.000000 -720.806813 454.000000) 
4 27 66 (-1154.000000 -722.000000 454.000000) (-1154.000000 -722.000000 453.769061) (-1149.971818 -722.000000 453.454545) (-1152.835455 -722.000000 454.000000) 
4 27 29 (-1152.000000 -720.000000 454.000000) (-1152.000000 -722.000000 453.612903) (-1154.000000 -722.000000 453.769061) (-1154.000000 -720.806813 454.000000) 
4 28 68 (-1015.978467 -722.000000 320.067998) (-1013.940962 -722.000000 320.456094) (-1090.473689 -722.000000 428.717841) (-1093.532908 -722.000000 430.629214) 
3 28 59 (-1014.593589 -720.000000 320.172650) (-1015.127535 -720.000000 320.070946) (-1014.895497 -719.290394 320.171605) 
3 28 36 (-1072.900850 -722.000000 401.216257) (-1075.365394 -722.000000 404.729699) (-1074.502656 -719.994994 404.718859) 
5 28 30 (-1015.978467 -722.000000 320.067998) (-1072.900850 -722.000000 401.216257) (-1074.631646 -719.833535 405.000918) (-1014.895497 -719.290394 320.171605) (-1015.127535 -720.000000 320.070946) 
4 28 57 (-1013.940962 -722.000000 320.456094) (-1015.978467 -722.000000 320.067998) (-1015.127535 -720.000000 320.070946) (-1014.593589 -720.000000 320.172650) 
4 29 95 (-1154.000000 -722.000000 453.456746) (-1154.000000 -722.000000 453.769061) (-1154.000000 -720.806813 454.000000) (-1154.000000 -720.000000 453.843843) 
3 29 90 (-1154.000000 -720.806813 454.000000) (-1154.000000 -719.193187 454.000000) (-1154.000000 -720.000000 453.843843) 
3 29 67 (-1154.000000 -722.000000 453.769061) (-1154.000000 -722.000000 453.456746) (-1152.000000 -722.000000 453.612903) 
3 29 31 (-1152.000000 -720.000000 454.000000) (-1154.000000 -722.000000 453.456746) (-1154.000000 -719.193187 454.000000) 
3 30 69 (-1038.095786 -722.000000 351.598335) (-1072.900850 -722.000000 401.216257) (-1059.577292 -722.000000 338.254322) 
4 30 80 (-1054.188683 -722.000000 312.789861) (-1015.978467 -722.000000 320.067998) (-1038.095786 -722.000000 351.598335) (-1059.577292 -722.000000 338.254322) 
6 30 59 (-1015.127535 -720.000000 320.070946) (-1054.981513 -720.000000 312.479712) (-1083.812874 -652.760342 312.338089) (-1057.592202 -626.904009 319.389816) (-1053.274785 -629.083593 320.038758) (-1014.895497 -719.290394 320.171605) 
4 30 38 (-1092.530001 -663.399357 375.111762) (-1083.394084 -653.737033 312.340146) (-1055.687908 -718.352566 312.476242) (-1068.239134 -719.448222 374.010838) 
5 30 36 (-1054.188683 -722.000000 312.789861) (-1072.900850 -722.000000 401.216257) (-1074.502656 -719.994994 404.718859) (-1055.687908 -718.352566 312.476242) (-1054.981513 -720.000000 312.479712) 
4 30 32 (-1096.880000 -668.000000 405.000000) (-1104.563200 -607.899206 319.400731) (-1083.812874 -652.760342 312.338089) (-1083.394084 -653.737033 312.340146) 
3 30 51 (-1104.563200 -607.899206 319.400731) (-1057.592202 -626.904009 319.389816) (-1083.812874 -652.760342 312.338089) 
4 30 57 (-1015.978467 -722.000000 320.067998) (-1054.188683 -722.000000 312.789861) (-1054.981513 -720.000000 312.479712) (-1015.127535 -720.000000 320.070946) 
3 31 97 (-1154.000000 -722.000000 453.456746) (-1154.000000 -720.000000 453.843843) (-1154.000000 -719.170161 453.683229) 
4 31 90 (-1154.000000 -720.000000 453.843843) (-1154.000000 -719.193187 454.000000) (-1154.000000 -715.212187 454.000000) (-1154.000000 -719.170161 453.683229) 
3 31 33 (-1152.000000 -720.000000 454.000000) (-1154.019878 -720.000000 453.615261) (-1154.000000 -715.212187 454.000000) 
3 32 99 (-1154.000000 -644.430221 401.361066) (-1154.000000 -590.697986 319.182354) (-1154.000000 -625.575595 312.431849) 
3 32 59 (-1084.373873 -653.313546 312.187215) (-1083.812874 -652.760342 312.338089) (-1083.394084 -653.737033 312.340146) 
4 32 40 (-1151.313635 -639.985162 375.338479) (-1149.851114 -627.168629 312.135144) (-1115.744720 -640.787237 312.162267) (-1092.940000 -663.000000 374.000000) 
4 32 38 (-1083.394084 -653.737033 312.340146) (-1092.530001 -663.399357 375.111762) (-1115.744720 -640.787237 312.162267) (-1084.373873 -653.313546 312.187215) 
5 32 34 (-1152.000000 -646.000000 405.000000) (-1154.000000 -644.430221 401.361066) (-1154.000000 -625.575595 312.431849) (-1152.000000 -626.310584 312.133435) (-1149.851114 -627.168629 312.135144) 
6 32 51 (-1152.000000 -626.310584 312.133435) (-1152.000000 -589.888767 319.182819) (-1150.353942 -589.371943 319.411372) (-1104.563200 -607.899206 319.400731) (-1083.812874 -652.760342 312.338089) (-1084.373873 -653.313546 312.187215) 
4 32 52 (-1154.000000 -625.575595 312.431849) (-1154.000000 -590.697986 319.182354) (-1152.000000 -589.888767 319.182819) (-1152.000000 -626.310584 312.133435) 
3 33 98 (-1154.000000 -719.986001 453.617934) (-1154.000000 -719.170161 453.683229) (-1154.000000 -718.027790 453.462125) 
5 33 90 (-1154.000000 -719.170161 453.683229) (-1154.000000 -715.212187 454.000000) (-1154.000000 -698.983284 454.000000) (-1154.000000 -695.408033 451.662336) (-1154.000000 -718.027790 453.462125) 
5 33 35 (-1152.000000 -720.000000 454.000000) (-1154.000000 -718.027790 453.462125) (-1154.000000 -695.408033 451.662336) (-1151.983291 -695.150660 452.025993) (-1144.191213 -701.306495 454.000000) 
4 34 99 (-1154.000000 -646.793316 404.975211) (-1154.000000 -644.430221 401.361066) (-1154.000000 -625.575595 312.431849) (-1154.000000 -628.762319 311.815063) 
3 34 41 (-1154.000000 -640.788491 373.950285) (-1154.000000 -640.043238 370.099808) (-1152.000000 -640.000000 374.000000) 
5 34 40 (-1149.851114 -627.168629 312.135144) (-1151.313635 -639.985162 375.338479) (-1154.000000 -640.043238 370.099808) (-1154.000000 -628.762319 311.815063) (-1152.000000 -627.963892 311.813440) 
3 34 51 (-1152.000000 -627.963892 311.813440) (-1152.000000 -626.310584 312.133435) (-1149.851114 -627.168629 312.135144) 
4 34 52 (-1154.000000 -628.762319 311.815063) (-1154.000000 -625.575595 312.431849) (-1152.000000 -626.310584 312.133435) (-1152.000000 -627.963892 311.813440) 
3 35 90 (-1154.000000 -718.027790 453.462125) (-1154.000000 -695.408033 451.662336) (-1154.000000 -689.806813 448.000000) 
4 35 37 (-1134.281058 -702.576938 452.011266) (-1152.000000 -720.000000 454.000000) (-1152.000000 -689.000000 448.000000) (-1134.324291 -702.108401 451.917206) 
4 36 69 (-1059.577292 -722.000000 338.254322) (-1072.900850 -722.000000 401.216257) (-1075.365394 -722.000000 404.729699) (-1062.016920 -722.000000 336.738860) 
4 36 80 (-1057.202372 -722.000000 312.215825) (-1054.188683 -722.000000 312.789861) (-1059.577292 -722.000000 338.254322) (-1062.016920 -722.000000 336.738860) 
3 36 59 (-1054.981513 -720.000000 312.479712) (-1056.344740 -720.000000 312.220049) (-1055.687908 -718.352566 312.476242) 
3 36 42 (-1068.246032 -720.019158 372.797737) (-1068.269965 -722.000000 368.588927) (-1069.104476 -722.000000 372.839531) 
5 36 38 (-1068.239134 -719.448222 374.010838) (-1055.687908 -718.352566 312.476242) (-1056.344740 -720.000000 312.220049) (-1057.202372 -722.000000 312.215825) (-1068.269965 -722.000000 368.588927) 
4 36 57 (-1054.188683 -722.000000 312.789861) (-1057.202372 -722.000000 312.215825) (-1056.344740 -720.000000 312.220049) (-1054.981513 -720.000000 312.479712) 
3 37 39 (-1128.235617 -710.220044 450.251614) (-1152.000000 -720.000000 454.000000) (-1129.690000 -698.000000 448.000000) 
3 38 71 (-1065.904249 -722.000000 356.539086) (-1068.269965 -722.000000 368.588927) (-1072.937947 -722.000000 346.529867) 
4 38 70 (-1062.016920 -722.000000 336.738860) (-1065.904249 -722.000000 356.539086) (-1072.937947 -722.000000 346.529867) (-1076.976272 -722.000000 327.446318) 
4 38 80 (-1081.165112 -722.000000 307.651494) (-1057.202372 -722.000000 312.215825) (-1062.016920 -722.000000 336.738860) (-1076.976272 -722.000000 327.446318) 
6 38 59 (-1056.344740 -720.000000 312.220049) (-1082.112043 -720.000000 307.311992) (-1103.205268 -671.883276 307.122743) (-1084.373873 -653.313546 312.187215) (-1083.394084 -653.737033 312.340146) (-1055.687908 -718.352566 312.476242) 
3 38 45 (-1074.560000 -720.000000 343.000000) (-1074.342163 -720.493853 343.008289) (-1074.170324 -720.480473 343.848002) 
3 38 44 (-1097.402681 -667.798812 342.988793) (-1097.526824 -667.932307 342.126116) (-1097.321422 -668.397971 342.133932) 
5 38 43 (-1097.526824 -667.932307 342.126116) (-1099.854802 -670.435629 325.948982) (-1091.761573 -695.983878 311.369291) (-1077.684332 -720.754102 326.676398) (-1074.342163 -720.493853 343.008289) 
4 38 48 (-1099.854802 -670.435629 325.948982) (-1102.563170 -673.347993 307.128504) (-1095.604209 -689.222399 307.190940) (-1091.761573 -695.983878 311.369291) 
4 38 42 (-1068.269965 -722.000000 368.588927) (-1068.246032 -720.019158 372.797737) (-1077.684332 -720.754102 326.676398) (-1076.976272 -722.000000 327.446318) 
4 38 50 (-1095.604209 -689.222399 307.190940) (-1082.112043 -720.000000 307.311992) (-1081.165112 -722.000000 307.651494) (-1076.976272 -722.000000 327.446318) 
4 38 40 (-1092.940000 -663.000000 374.000000) (-1115.744720 -640.787237 312.162267) (-1103.205268 -671.883276 307.122743) (-1102.563170 -673.347993 307.128504) 
3 38 51 (-1115.744720 -640.787237 312.162267) (-1084.373873 -653.313546 312.187215) (-1103.205268 -671.883276 307.122743) 
4 38 57 (-1057.202372 -722.000000 312.215825) (-1081.165112 -722.000000 307.651494) (-1082.112043 -720.000000 307.311992) (-1056.344740 -720.000000 312.220049) 
3 40 100 (-1154.000000 -640.043238 370.099808) (-1154.000000 -633.590144 336.758825) (-1154.000000 -649.226020 326.535368) 
4 40 110 (-1154.000000 -633.590144 336.758825) (-1154.000000 -628.762319 311.815063) (-1154.000000 -653.331202 307.059796) (-1154.000000 -649.226020 326.535368) 
3 40 59 (-1104.127189 -672.792387 306.874803) (-1103.205268 -671.883276 307.122743) (-1102.563170 -673.347993 307.128504) 
3 40 46 (-1152.685770 -646.264288 343.014336) (-1152.712581 -646.509201 341.802899) (-1152.013476 -646.778297 341.817888) 
6 40 44 (-1097.526824 -667.932307 342.126116) (-1097.402681 -667.798812 342.988793) (-1152.712581 -646.509201 341.802899) (-1153.062970 -649.709892 325.971003) (-1152.018329 -650.249333 325.341825) (-1109.584515 -666.670414 325.835733) 
3 40 43 (-1099.854802 -670.435629 325.948982) (-1097.526824 -667.932307 342.126116) (-1109.584515 -666.670414 325.835733) 
5 40 48 (-1102.563170 -673.347993 307.128504) (-1099.854802 -670.435629 325.948982) (-1152.018329 -650.249333 325.341825) (-1121.276761 -666.123944 306.826454) (-1104.127189 -672.792387 306.874803) 
4 40 49 (-1153.062970 -649.709892 325.971003) (-1153.483339 -653.549830 306.977140) (-1152.000000 -654.177514 306.739836) (-1121.276761 -666.123944 306.826454) 
4 40 41 (-1152.000000 -640.000000 374.000000) (-1154.000000 -640.043238 370.099808) (-1154.000000 -653.331202 307.059796) (-1153.483339 -653.549830 306.977140) 
6 40 51 (-1152.000000 -654.177514 306.739836) (-1152.000000 -627.963892 311.813440) (-1149.851114 -627.168629 312.135144) (-1115.744720 -640.787237 312.162267) (-1103.205268 -671.883276 307.122743) (-1104.127189 -672.792387 306.874803) 
4 40 52 (-1154.000000 -653.331202 307.059796) (-1154.000000 -628.762319 311.815063) (-1152.000000 -627.963892 311.813440) (-1152.000000 -654.177514 306.739836) 
4 41 100 (-1154.000000 -640.788491 373.950285) (-1154.000000 -640.043238 370.099808) (-1154.000000 -649.226020 326.535368) (-1154.000000 -650.072723 325.981754) 
4 41 110 (-1154.000000 -649.226020 326.535368) (-1154.000000 -653.331202 307.059796) (-1154.000000 -653.750754 306.978592) (-1154.000000 -650.072723 325.981754) 
4 41 46 (-1152.712581 -646.509201 341.802899) (-1152.685770 -646.264288 343.014336) (-1154.000000 -646.770777 343.041809) (-1154.000000 -647.429173 339.640098) 
4 41 44 (-1153.062970 -649.709892 325.971003) (-1152.712581 -646.509201 341.802899) (-1154.000000 -647.429173 339.640098) (-1154.000000 -650.072723 325.981754) 
4 41 49 (-1153.483339 -653.549830 306.977140) (-1153.062970 -649.709892 325.971003) (-1154.000000 -650.072723 325.981754) (-1154.000000 -653.750754 306.978592) 
3 41 52 (-1154.000000 -653.750754 306.978592) (-1154.000000 -653.331202 307.059796) (-1153.483339 -653.549830 306.977140) 
4 42 71 (-1072.937947 -722.000000 346.529867) (-1068.269965 -722.000000 368.588927) (-1069.104476 -722.000000 372.839531) (-1074.840128 -722.000000 343.822991) 
4 42 70 (-1078.231393 -722.000000 326.666654) (-1076.976272 -722.000000 327.446318) (-1072.937947 -722.000000 346.529867) (-1074.840128 -722.000000 343.822991) 
4 42 45 (-1074.170324 -720.480473 343.848002) (-1074.342163 -720.493853 343.008289) (-1075.507897 -722.000000 340.444759) (-1074.840128 -722.000000 343.822991) 
4 42 43 (-1074.342163 -720.493853 343.008289) (-1077.684332 -720.754102 326.676398) (-1078.231393 -722.000000 326.666654) (-1075.507897 -722.000000 340.444759) 
3 42 50 (-1076.976272 -722.000000 327.446318) (-1078.231393 -722.000000 326.666654) (-1077.684332 -720.754102 326.676398) 
3 43 70 (-1090.741555 -722.000000 318.895515) (-1078.231393 -722.000000 326.666654) (-1075.507897 -722.000000 340.444759) 
3 43 59 (-1110.976959 -700.423867 303.371529) (-1105.165753 -701.176583 304.418534) (-1108.731190 -705.634219 303.384722) 
5 43 45 (-1075.507897 -722.000000 340.444759) (-1074.342163 -720.493853 343.008289) (-1074.560000 -720.000000 343.000000) (-1092.800780 -720.126653 317.120036) (-1090.741555 -722.000000 318.895515) 
4 43 44 (-1097.321422 -668.397971 342.133932) (-1097.526824 -667.932307 342.126116) (-1109.584515 -666.670414 325.835733) (-1110.132252 -679.947786 316.999138) 
4 43 47 (-1110.139581 -680.125445 316.880899) (-1110.976959 -700.423867 303.371529) (-1108.731190 -705.634219 303.384722) (-1092.940000 -720.000000 317.000000) 
5 43 48 (-1091.761573 -695.983878 311.369291) (-1105.165753 -701.176583 304.418534) (-1110.976959 -700.423867 303.371529) (-1109.584515 -666.670414 325.835733) (-1099.854802 -670.435629 325.948982) 
6 43 50 (-1078.231393 -722.000000 326.666654) (-1090.741555 -722.000000 318.895515) (-1108.731190 -705.634219 303.384722) (-1105.165753 -701.176583 304.418534) (-1091.761573 -695.983878 311.369291) (-1077.684332 -720.754102 326.676398) 
3 44 101 (-1154.000000 -647.429173 339.640098) (-1154.000000 -650.072723 325.981754) (-1154.000000 -661.389187 318.582528) 
5 44 46 (-1152.013476 -646.778297 341.817888) (-1152.712581 -646.509201 341.802899) (-1154.000000 -647.429173 339.640098) (-1154.000000 -661.389187 318.582528) (-1152.296369 -663.117005 317.001931) 
4 44 48 (-1151.999399 -663.418191 316.726408) (-1152.018329 -650.249333 325.341825) (-1109.584515 -666.670414 325.835733) (-1110.132252 -679.947786 316.999138) 
5 44 49 (-1154.000000 -661.389187 318.582528) (-1154.000000 -650.072723 325.981754) (-1153.062970 -649.709892 325.971003) (-1152.018329 -650.249333 325.341825) (-1152.012106 -663.405303 316.738198) 
4 45 70 (-1093.608842 -722.000000 317.114396) (-1090.741555 -722.000000 318.895515) (-1075.507897 -722.000000 340.444759) (-1074.840128 -722.000000 343.822991) 
3 45 50 (-1090.741555 -722.000000 318.895515) (-1093.608842 -722.000000 317.114396) (-1092.800780 -720.126653 317.120036) 
4 46 101 (-1154.000000 -646.770777 343.041809) (-1154.000000 -647.429173 339.640098) (-1154.000000 -661.389187 318.582528) (-1154.000000 -663.789593 317.013032) 
3 46 49 (-1154.000000 -663.789593 317.013032) (-1154.000000 -661.389187 318.582528) (-1152.296369 -663.117005 317.001931) 
6 47 59 (-1120.221648 -720.000000 300.053019) (-1120.500000 -720.000000 300.000000) (-1129.886023 -698.193299 299.947282) (-1129.690000 -698.000000 300.000000) (-1110.976959 -700.423867 303.371529) (-1108.731190 -705.634219 303.384722) 
3 47 57 (-1120.500000 -720.000000 300.000000) (-1120.221648 -720.000000 300.053019) (-1120.318725 -720.225562 300.052476) 
3 47 51 (-1129.923107 -697.905963 300.000000) (-1129.690000 -698.000000 300.000000) (-1129.886023 -698.193299 299.947282) 
4 47 50 (-1120.318725 -720.225562 300.052476) (-1120.221648 -720.000000 300.053019) (-1108.731190 -705.634219 303.384722) (-1092.940000 -720.000000 317.000000) 
4 47 48 (-1110.976959 -700.423867 303.371529) (-1129.690000 -698.000000 300.000000) (-1129.923168 -697.905490 300.000087) (-1110.139581 -680.125445 316.880899) 
5 48 59 (-1129.690000 -698.000000 300.000000) (-1104.127189 -672.792387 306.874803) (-1102.563170 -673.347993 307.128504) (-1095.604209 -689.222399 307.190940) (-1105.165753 -701.176583 304.418534) 
4 48 51 (-1152.000000 -689.000000 300.000000) (-1121.276761 -666.123944 306.826454) (-1104.127189 -672.792387 306.874803) (-1129.690000 -698.000000 300.000000) 
3 48 50 (-1105.165753 -701.176583 304.418534) (-1095.604209 -689.222399 307.190940) (-1091.761573 -695.983878 311.369291) 
3 48 49 (-1121.276761 -666.123944 306.826454) (-1152.000000 -689.000000 300.000000) (-1152.018329 -650.249333 325.341825) 
3 49 110 (-1154.000000 -650.072723 325.981754) (-1154.000000 -653.750754 306.978592) (-1154.000000 -689.810664 299.999255) 
5 49 52 (-1154.000000 -689.810664 299.999255) (-1154.000000 -653.750754 306.978592) (-1153.483339 -653.549830 306.977140) (-1152.000000 -654.177514 306.739836) (-1152.000000 -689.000000 300.000000) 
3 49 51 (-1152.000000 -689.000000 300.000000) (-1152.000000 -654.177514 306.739836) (-1121.276761 -666.123944 306.826454) 
3 50 80 (-1121.082407 -722.000000 300.048199) (-1081.165112 -722.000000 307.651494) (-1076.976272 -722.000000 327.446318) 
3 50 59 (-1082.112043 -720.000000 307.311992) (-1120.221648 -720.000000 300.053019) (-1095.604209 -689.222399 307.190940) 
4 50 57 (-1081.165112 -722.000000 307.651494) (-1121.082407 -722.000000 300.048199) (-1120.221648 -720.000000 300.053019) (-1082.112043 -720.000000 307.311992) 
3 51 59 (-1152.000000 -720.000000 294.000000) (-1083.380409 -558.323237 319.934549) (-1055.204050 -624.549041 320.032080) 
4 51 52 (-1152.000000 -720.000000 294.000000) (-1152.000000 -514.642197 333.746672) (-1103.015539 -525.391278 327.841562) (-1083.380409 -558.323237 319.934549) 
3 52 118 (-1154.000000 -515.153812 333.803807) (-1154.000000 -483.624742 313.188646) (-1154.000000 -718.027790 294.537875) 
3 52 59 (-1152.000000 -482.789421 312.874158) (-1072.267043 -532.138685 324.134810) (-1152.000000 -720.000000 294.000000) 
5 52 53 (-1152.000000 -720.000000 294.000000) (-1154.000000 -718.027790 294.537875) (-1154.000000 -483.624742 313.188646) (-1152.560355 -482.733093 312.985374) (-1152.000000 -482.789421 312.874158) 
4 53 119 (-1154.000000 -482.585895 312.509399) (-1154.000000 -715.212187 294.000000) (-1154.000000 -719.986001 294.382066) (-1154.000000 -483.624742 313.188646) 
5 53 59 (-1154.000000 -715.212187 294.000000) (-1154.000000 -482.585895 312.509399) (-1152.561145 -482.442110 312.794907) (-1152.000000 -482.789421 312.874158) (-1152.000000 -720.000000 294.000000) 
3 53 54 (-1152.000000 -720.000000 294.000000) (-1154.019878 -720.000000 294.384739) (-1154.000000 -715.212187 294.000000) 
3 54 120 (-1154.000000 -715.212187 294.000000) (-1154.000000 -718.033397 293.775525) (-1154.000000 -722.000000 294.543254) 
3 54 59 (-1154.000000 -718.033397 293.775525) (-1154.000000 -715.212187 294.000000) (-1152.000000 -720.000000 294.000000) 
3 54 55 (-1154.000000 -718.033397 293.775525) (-1152.000000 -720.000000 294.000000) (-1154.000000 -722.000000 294.543254) 
4 55 121 (-1154.000000 -718.033397 293.775525) (-1154.000000 -719.176923 293.684537) (-1154.000000 -722.000000 294.230939) (-1154.000000 -722.000000 294.543254) 
3 55 83 (-1154.000000 -722.000000 294.543254) (-1154.000000 -722.000000 294.230939) (-1152.000000 -722.000000 294.387097) 
3 55 59 (-1154.000000 -719.176923 293.684537) (-1154.000000 -718.033397 293.775525) (-1152.000000 -720.000000 294.000000) 
4 55 56 (-1154.000000 -719.176923 293.684537) (-1152.000000 -720.000000 294.000000) (-1152.000000 -722.000000 294.387097) (-1154.000000 -722.000000 294.230939) 
4 56 121 (-1154.000000 -719.176923 293.684537) (-1154.000000 -720.000000 293.619048) (-1154.000000 -722.000000 293.778182) (-1154.000000 -722.000000 294.230939) 
3 56 84 (-1154.000000 -722.000000 294.230939) (-1154.000000 -722.000000 293.778182) (-1149.971818 -722.000000 294.545455) 
3 56 59 (-1154.000000 -720.000000 293.619048) (-1154.000000 -719.176923 293.684537) (-1152.000000 -720.000000 294.000000) 
4 56 57 (-1149.971818 -722.000000 294.545455) (-1154.000000 -722.000000 293.778182) (-1154.000000 -720.000000 293.619048) (-1152.000000 -720.000000 294.000000) 
3 57 121 (-1154.000000 -720.000000 293.619048) (-1154.000000 -722.000000 293.459913) (-1154.000000 -722.000000 293.778182) 
4 57 85 (-8.335455 -722.000000 512.000000) (-1154.000000 -722.000000 293.778182) (-1154.000000 -722.000000 293.459913) (-6.664545 -722.000000 512.000000) 
4 57 61 (32.000000 -722.000000 519.364675) (32.000000 -722.000000 519.682944) (-8.335455 -722.000000 512.000000) (-6.664545 -722.000000 512.000000) 
4 57 59 (0.000000 -722.000000 513.269437) (-1154.000000 -722.000000 293.459913) (-1154.000000 -720.000000 293.619048) (0.000000 -720.000000 513.428571) 
4 57 58 (32.000000 -722.000000 519.364675) (0.000000 -722.000000 513.269437) (0.000000 -720.000000 513.428571) (32.000000 -720.000000 519.523810) 
4 58 61 (32.000000 -722.000000 512.000000) (32.000000 -722.000000 519.364675) (0.000000 -722.000000 513.269437) (0.000000 -722.000000 512.000000) 
4 58 59 (0.000000 -722.000000 513.269437) (0.000000 0.000000 570.716883) (0.000000 0.000000 512.000000) (0.000000 -722.000000 512.000000) 
5 59 121 (-1154.000000 0.000000 154.801319) (-1154.000000 0.000000 64.000000) (-1154.000000 -722.000000 64.000000) (-1154.000000 -722.000000 293.459913) (-1154.000000 -718.033397 293.775525) 
3 59 119 (-1154.000000 -715.212187 294.000000) (-1154.000000 -482.585895 312.509399) (-1154.000000 -418.124552 270.361599) 
4 59 120 (-1154.000000 -342.884241 221.166010) (-1154.000000 -718.033397 293.775525) (-1154.000000 -715.212187 294.000000) (-1154.000000 -418.124552 270.361599) 
5 59 91 (-1154.000000 0.000000 314.489004) (-1154.000000 0.000000 154.801319) (-1154.000000 -342.884241 221.166010) (-1154.000000 -482.585895 312.509399) (-1154.000000 -133.344161 340.297551) 
3 59 90 (-1154.000000 0.000000 350.907359) (-1154.000000 0.000000 314.489004) (-1154.000000 -133.344161 340.297551) 
5 59 85 (0.000000 -722.000000 64.000000) (0.000000 -722.000000 512.000000) (-6.664545 -722.000000 512.000000) (-1154.000000 -722.000000 293.459913) (-1154.000000 -722.000000 64.000000) 
3 59 61 (0.000000 -722.000000 512.000000) (0.000000 -722.000000 513.269437) (-6.664545 -722.000000 512.000000) 
4 60 126 (-1154.000000 -2016.000000 800.000000) (-1154.000000 -2016.000000 832.000000) (-1154.000000 -1984.000000 832.000000) (-1154.000000 -1984.000000 800.000000) 
4 60 88 (-1154.000000 -1984.000000 832.000000) (-1154.000000 -722.000000 832.000000) (-1154.000000 -722.000000 800.000000) (-1154.000000 -1984.000000 800.000000) 
4 60 87 (-1154.000000 -2016.000000 800.000000) (-1154.000000 -1984.000000 800.000000) (32.000000 -1984.000000 800.000000) (32.000000 -2016.000000 800.000000) 
4 61 89 (-1154.000000 -1984.000000 512.000000) (-1154.000000 -1984.000000 800.000000) (-1154.000000 -722.000000 800.000000) (-1154.000000 -722.000000 512.000000) 
4 61 86 (-1154.000000 -1984.000000 512.000000) (-1154.000000 -1824.000000 512.000000) (32.000000 -1824.000000 512.000000) (32.000000 -1984.000000 512.000000) 
3 61 63 (-981.779542 -722.000000 512.000000) (-8.335455 -722.000000 512.000000) (-148.717929 -1058.062507 512.000000) 
5 61 62 (-1154.000000 -1792.000000 512.000000) (-1154.000000 -722.000000 512.000000) (-981.779542 -722.000000 512.000000) (-148.717929 -1058.062507 512.000000) (-455.303636 -1792.000000 512.000000) 
4 61 85 (-8.335455 -722.000000 512.000000) (0.000000 -722.000000 512.000000) (0.000000 -1792.000000 512.000000) (-455.303636 -1792.000000 512.000000) 
4 62 121 (-1154.000000 -1792.000000 378.914978) (-1154.000000 -1792.000000 501.640028) (-1154.000000 -924.550990 333.746672) (-1154.000000 -957.009535 312.477209) 
4 62 94 (-1154.000000 -747.376634 459.142546) (-1154.000000 -736.424004 457.022682) (-1154.000000 -924.550990 333.746672) (-1154.000000 -1101.280568 367.952396) 
5 62 93 (-1154.000000 -1792.000000 501.640028) (-1154.000000 -1792.000000 512.000000) (-1154.000000 -1020.473480 512.000000) (-1154.000000 -747.376634 459.142546) (-1154.000000 -1101.280568 367.952396) 
4 62 90 (-1154.000000 -1020.473480 512.000000) (-1154.000000 -722.000000 512.000000) (-1154.000000 -722.000000 466.474455) (-1154.000000 -736.424004 457.022682) 
3 62 67 (-1154.000000 -750.193187 448.000000) (-1154.000000 -749.516789 448.443230) (-1152.000000 -751.000000 448.000000) 
3 62 81 (-1151.929445 -776.971371 431.000109) (-1151.929169 -777.072818 430.933706) (-1152.000989 -777.043673 430.933819) 
4 62 66 (-1154.000000 -749.516789 448.443230) (-1154.000000 -743.282516 452.528430) (-1152.016709 -744.849340 452.025993) (-1152.000000 -751.000000 448.000000) 
5 62 82 (-1154.000000 -924.550990 333.746672) (-1154.000000 -776.232451 430.936969) (-1151.929169 -777.072818 430.933706) (-1151.526048 -925.461806 333.803807) (-1152.000000 -925.357803 333.746672) 
4 62 65 (-1154.000000 -743.282516 452.528430) (-1154.000000 -722.000000 466.474455) (-1152.078783 -722.000000 466.982319) (-1152.016709 -744.849340 452.025993) 
3 62 83 (-1154.000000 -924.918926 333.505570) (-1154.000000 -924.550990 333.746672) (-1152.000000 -925.357803 333.746672) 
5 62 63 (-1152.078783 -722.000000 466.982319) (-981.779542 -722.000000 512.000000) (-148.717929 -1058.062507 512.000000) (-884.141864 -984.136216 366.037150) (-1151.526048 -925.461806 333.803807) 
3 62 84 (-1154.000000 -957.009535 312.477209) (-1154.000000 -924.918926 333.505570) (-884.141864 -984.136216 366.037150) 
4 62 85 (-148.717929 -1058.062507 512.000000) (-455.303636 -1792.000000 512.000000) (-1154.000000 -1792.000000 378.914978) (-1154.000000 -957.009535 312.477209) 
6 63 81 (-1151.929169 -777.072818 430.933706) (-1151.929445 -776.971371 431.000109) (-1110.103607 -759.999531 431.064855) (-998.511670 -862.550442 334.578198) (-1003.996179 -865.947291 333.803807) (-1048.153017 -883.760449 333.803807) 
3 63 66 (-1152.000000 -751.000000 448.000000) (-1152.016709 -744.849340 452.025993) (-1129.690000 -742.000000 448.000000) 
3 63 82 (-1151.526048 -925.461806 333.803807) (-1151.929169 -777.072818 430.933706) (-1048.153017 -883.760449 333.803807) 
4 63 65 (-1152.016709 -744.849340 452.025993) (-1152.078783 -722.000000 466.982319) (-1151.453227 -722.000000 466.817318) (-1129.690000 -742.000000 448.000000) 
3 63 64 (-1151.453227 -722.000000 466.817318) (-771.580749 -722.000000 366.619944) (-998.511670 -862.550442 334.578198) 
3 63 84 (-1003.996179 -865.947291 333.803807) (-884.141864 -984.136216 366.037150) (-1151.526048 -925.461806 333.803807) 
5 63 85 (-8.335455 -722.000000 512.000000) (-148.717929 -1058.062507 512.000000) (-884.141864 -984.136216 366.037150) (-1003.996179 -865.947291 333.803807) (-771.580749 -722.000000 366.619944) 
4 64 68 (-1093.532908 -722.000000 430.629214) (-939.799917 -722.000000 334.578198) (-955.964914 -760.697490 334.578198) (-1110.000000 -760.000000 431.000000) 
3 64 81 (-998.511670 -862.550442 334.578198) (-1110.103607 -759.999531 431.064855) (-955.964914 -760.697490 334.578198) 
3 64 65 (-1129.690000 -742.000000 448.000000) (-1151.453227 -722.000000 466.817318) (-1121.335455 -722.000000 448.000000) 
3 64 85 (-939.799917 -722.000000 334.578198) (-771.580749 -722.000000 366.619944) (-998.511670 -862.550442 334.578198) 
3 65 95 (-1154.000000 -722.000000 454.221818) (-1154.000000 -743.282516 452.528430) (-1154.000000 -736.424004 457.022682) 
3 65 90 (-1154.000000 -722.000000 466.474455) (-1154.000000 -722.000000 454.221818) (-1154.000000 -736.424004 457.022682) 
5 65 66 (-1154.000000 -743.282516 452.528430) (-1154.000000 -722.000000 454.221818) (-1149.971818 -722.000000 453.454545) (-1129.690000 -742.000000 448.000000) (-1152.016709 -744.849340 452.025993) 
4 66 95 (-1154.000000 -722.000000 454.221818) (-1154.000000 -722.000000 453.769061) (-1154.000000 -749.516789 448.443230) (-1154.000000 -743.282516 452.528430) 
4 66 67 (-1152.000000 -751.000000 448.000000) (-1154.000000 -749.516789 448.443230) (-1154.000000 -722.000000 453.769061) (-1152.000000 -722.000000 453.612903) 
4 67 95 (-1154.000000 -722.000000 453.769061) (-1154.000000 -722.000000 453.456746) (-1154.000000 -750.193187 448.000000) (-1154.000000 -749.516789 448.443230) 
5 68 69 (-1096.372258 -771.929099 404.319275) (-1096.718919 -771.625648 404.997976) (-1075.365394 -722.000000 404.729699) (-1038.095786 -722.000000 351.598335) (-1057.048557 -766.437915 351.598335) 
3 68 77 (-1069.443929 -795.500920 351.598335) (-1096.372258 -771.929099 404.319275) (-1057.048557 -766.437915 351.598335) 
4 68 80 (-1053.273149 -809.656078 319.938789) (-1069.443929 -795.500920 351.598335) (-1038.095786 -722.000000 351.598335) (-1015.978467 -722.000000 320.067998) 
4 68 85 (-1015.978467 -722.000000 320.067998) (-939.799917 -722.000000 334.578198) (-955.964914 -760.697490 334.578198) (-1053.273149 -809.656078 319.938789) 
3 68 81 (-1053.273149 -809.656078 319.938789) (-955.964914 -760.697490 334.578198) (-1110.000000 -760.000000 431.000000) 
5 69 71 (-1092.439570 -776.516405 372.508330) (-1092.641441 -776.311081 373.985464) (-1069.104476 -722.000000 372.839531) (-1065.904249 -722.000000 356.539086) (-1087.082163 -771.339224 356.539086) 
4 69 73 (-1090.342156 -778.649707 357.161054) (-1092.439570 -776.516405 372.508330) (-1087.082163 -771.339224 356.539086) (-1089.984159 -778.100148 356.539086) 
3 69 74 (-1090.257156 -778.736161 356.539086) (-1090.342156 -778.649707 357.161054) (-1089.984159 -778.100148 356.539086) 
5 69 70 (-1087.581789 -781.457303 336.962800) (-1090.257156 -778.736161 356.539086) (-1065.904249 -722.000000 356.539086) (-1062.016920 -722.000000 336.738860) (-1087.258826 -780.848005 336.649886) 
3 69 78 (-1087.258826 -780.848005 336.649886) (-1086.894083 -781.182384 336.965048) (-1087.581789 -781.457303 336.962800) 
5 69 80 (-1062.016920 -722.000000 336.738860) (-1038.095786 -722.000000 351.598335) (-1057.048557 -766.437915 351.598335) (-1086.904075 -781.187321 336.960149) (-1087.263261 -780.858345 336.649870) 
3 69 81 (-1096.787664 -772.093915 404.324358) (-1096.372258 -771.929099 404.319275) (-1096.718919 -771.625648 404.997976) 
5 69 77 (-1087.581789 -781.457303 336.962800) (-1086.894083 -781.182384 336.965048) (-1057.048557 -766.437915 351.598335) (-1096.372258 -771.929099 404.319275) (-1096.787664 -772.093915 404.324358) 
5 70 71 (-1096.880000 -772.000000 343.000000) (-1096.282295 -772.528737 344.173515) (-1087.082163 -771.339224 356.539086) (-1065.904249 -722.000000 356.539086) (-1074.840128 -722.000000 343.822991) 
3 70 73 (-1096.282295 -772.528737 344.173515) (-1089.984159 -778.100148 356.539086) (-1087.082163 -771.339224 356.539086) 
4 70 74 (-1109.984870 -760.407266 317.270294) (-1108.886452 -789.974096 336.893150) (-1090.257156 -778.736161 356.539086) (-1089.984159 -778.100148 356.539086) 
3 70 77 (-1108.886452 -789.974096 336.893150) (-1087.581789 -781.457303 336.962800) (-1090.257156 -778.736161 356.539086) 
4 70 80 (-1093.608842 -722.000000 317.114396) (-1062.016920 -722.000000 336.738860) (-1087.263261 -780.858345 336.649870) (-1110.010491 -760.024321 316.999927) 
4 70 78 (-1110.000000 -760.000000 317.000000) (-1087.258826 -780.848005 336.649886) (-1087.581789 -781.457303 336.962800) (-1108.886452 -789.974096 336.893150) 
3 71 74 (-1096.880000 -772.000000 343.000000) (-1096.282295 -772.528737 344.173515) (-1097.004086 -772.806885 344.158313) 
3 71 77 (-1093.140756 -776.792870 372.525891) (-1092.439570 -776.516405 372.508330) (-1092.641441 -776.311081 373.985464) 
5 71 73 (-1097.004086 -772.806885 344.158313) (-1096.282295 -772.528737 344.173515) (-1087.082163 -771.339224 356.539086) (-1092.439570 -776.516405 372.508330) (-1093.140756 -776.792870 372.525891) 
4 72 108 (-1154.000000 -775.787254 316.736048) (-1154.000000 -779.001346 318.840016) (-1154.000000 -791.688840 338.244419) (-1154.000000 -792.452598 341.869958) 
3 72 75 (-1154.000000 -792.452598 341.869958) (-1154.000000 -791.688840 338.244419) (-1151.986458 -793.227719 341.827131) 
3 72 78 (-1151.699822 -776.881453 317.001931) (-1151.979925 -776.992072 317.000129) (-1151.980230 -776.597047 316.741763) 
4 72 76 (-1152.000609 -776.576377 316.722854) (-1152.000000 -777.000000 317.000000) (-1154.000000 -779.001346 318.840016) (-1154.000000 -775.787254 316.736048) 
5 72 74 (-1154.000000 -779.001346 318.840016) (-1152.000000 -777.000000 317.000000) (-1151.699822 -776.881453 317.001931) (-1151.986458 -793.227719 341.827131) (-1154.000000 -791.688840 338.244419) 
5 73 74 (-1096.282295 -772.528737 344.173515) (-1089.984159 -778.100148 356.539086) (-1090.342156 -778.649707 357.161054) (-1143.368544 -799.814085 357.161054) (-1151.319228 -793.737659 343.014338) 
4 73 77 (-1152.000000 -800.000000 374.000000) (-1143.368544 -799.814085 357.161054) (-1090.342156 -778.649707 357.161054) (-1092.439570 -776.516405 372.508330) 
3 73 75 (-1143.368544 -799.814085 357.161054) (-1152.000000 -800.000000 374.000000) (-1151.319228 -793.737659 343.014338) 
3 74 108 (-1154.000000 -779.001346 318.840016) (-1154.000000 -788.976699 325.369957) (-1154.000000 -791.688840 338.244419) 
5 74 75 (-1132.939135 -799.589443 336.814517) (-1143.368544 -799.814085 357.161054) (-1154.000000 -791.688840 338.244419) (-1154.000000 -788.976699 325.369957) (-1151.981661 -789.757761 325.346467) 
5 74 77 (-1143.368544 -799.814085 357.161054) (-1132.939135 -799.589443 336.814517) (-1108.886452 -789.974096 336.893150) (-1090.257156 -778.736161 356.539086) (-1090.342156 -778.649707 357.161054) 
5 74 78 (-1109.984870 -760.407266 317.270294) (-1108.886452 -789.974096 336.893150) (-1132.939135 -799.589443 336.814517) (-1151.970060 -789.763750 325.353453) (-1151.979925 -776.992072 317.000129) 
4 74 76 (-1152.000000 -777.000000 317.000000) (-1151.981661 -789.757761 325.346467) (-1154.000000 -788.976699 325.369957) (-1154.000000 -779.001346 318.840016) 
3 75 102 (-1154.000000 -803.157252 358.014227) (-1154.000000 -799.494863 375.299397) (-1154.000000 -792.452598 341.869958) 
4 75 108 (-1154.000000 -788.976699 325.369957) (-1154.000000 -807.504197 337.498196) (-1154.000000 -803.157252 358.014227) (-1154.000000 -792.452598 341.869958) 
5 75 76 (-1151.981661 -789.757761 325.346467) (-1151.956600 -807.191901 336.752345) (-1153.550356 -807.683943 337.496721) (-1154.000000 -807.504197 337.498196) (-1154.000000 -788.976699 325.369957) 
3 75 78 (-1132.939135 -799.589443 336.814517) (-1151.956600 -807.191901 336.752345) (-1151.970060 -789.763750 325.353453) 
4 75 79 (-1154.000000 -799.494863 375.299397) (-1154.000000 -807.504197 337.498196) (-1153.550356 -807.683943 337.496721) (-1152.681448 -800.014678 375.329424) 
4 75 77 (-1152.681448 -800.014678 375.329424) (-1153.550356 -807.683943 337.496721) (-1151.956600 -807.191901 336.752345) (-1132.939135 -799.589443 336.814517) 
4 76 115 (-1154.000000 -750.232270 300.007564) (-1154.000000 -752.489170 300.444384) (-1154.000000 -807.705640 336.547460) (-1154.000000 -807.504197 337.498196) 
3 76 77 (-1153.550356 -807.683943 337.496721) (-1153.567573 -807.835907 336.747078) (-1151.956600 -807.191901 336.752345) 
4 76 79 (-1154.000000 -807.504197 337.498196) (-1154.000000 -807.705640 336.547460) (-1153.567573 -807.835907 336.747078) (-1153.550356 -807.683943 337.496721) 
3 76 83 (-1154.000000 -752.489170 300.444384) (-1154.000000 -750.232270 300.007564) (-1152.000000 -751.000000 300.000000) 
5 76 78 (-1151.956600 -807.191901 336.752345) (-1153.567573 -807.835907 336.747078) (-1154.000000 -807.705640 336.547460) (-1154.000000 -752.489170 300.444384) (-1152.000000 -751.000000 300.000000) 
4 77 78 (-1086.894083 -781.182384 336.965048) (-1070.488071 -796.222620 351.140933) (-1122.386528 -817.229139 351.140933) (-1153.567573 -807.835907 336.747078) 
4 77 80 (-1057.048557 -766.437915 351.598335) (-1069.443929 -795.500920 351.598335) (-1070.488071 -796.222620 351.140933) (-1086.904075 -781.187321 336.960149) 
5 77 81 (-1152.000000 -794.000000 405.000000) (-1122.386528 -817.229139 351.140933) (-1070.488071 -796.222620 351.140933) (-1069.443929 -795.500920 351.598335) (-1096.372258 -771.929099 404.319275) 
3 77 79 (-1122.386528 -817.229139 351.140933) (-1152.000000 -794.000000 405.000000) (-1153.567573 -807.835907 336.747078) 
3 78 115 (-1154.000000 -752.489170 300.444384) (-1154.000000 -812.878655 312.132671) (-1154.000000 -807.705640 336.547460) 
6 78 79 (-1112.312571 -825.131263 332.819071) (-1122.386528 -817.229139 351.140933) (-1154.000000 -807.705640 336.547460) (-1154.000000 -812.878655 312.132671) (-1152.000000 -813.677112 312.131054) (-1139.705242 -818.194757 313.965395) 
3 78 81 (-1122.386528 -817.229139 351.140933) (-1112.312571 -825.131263 332.819071) (-1070.488071 -796.222620 351.140933) 
4 78 84 (-1129.690000 -742.000000 300.000000) (-1139.705242 -818.194757 313.965395) (-1152.000000 -813.677112 312.131054) (-1152.000000 -751.000000 300.000000) 
4 78 83 (-1154.000000 -812.878655 312.132671) (-1154.000000 -752.489170 300.444384) (-1152.000000 -751.000000 300.000000) (-1152.000000 -813.677112 312.131054) 
4 78 80 (-1139.705242 -818.194757 313.965395) (-1129.690000 -742.000000 300.000000) (-1070.488071 -796.222620 351.140933) (-1112.312571 -825.131263 332.819071) 
3 79 107 (-1154.000000 -813.952601 374.295279) (-1154.000000 -793.060444 405.667559) (-1154.000000 -803.157252 358.014227) 
4 79 108 (-1154.000000 -829.060361 351.609021) (-1154.000000 -813.952601 374.295279) (-1154.000000 -803.157252 358.014227) (-1154.000000 -807.504197 337.498196) 
4 79 115 (-1154.000000 -812.878655 312.132671) (-1154.000000 -850.500238 319.414268) (-1154.000000 -829.060361 351.609021) (-1154.000000 -807.504197 337.498196) 
3 79 80 (-1143.445473 -846.649989 319.180827) (-1139.705242 -818.194757 313.965395) (-1112.312571 -825.131263 332.819071) 
5 79 83 (-1154.000000 -850.500238 319.414268) (-1154.000000 -812.878655 312.132671) (-1152.000000 -813.677112 312.131054) (-1152.000000 -850.111233 319.182819) (-1153.667473 -850.634781 319.414345) 
4 79 84 (-1139.705242 -818.194757 313.965395) (-1143.445473 -846.649989 319.180827) (-1152.000000 -850.111233 319.182819) (-1152.000000 -813.677112 312.131054) 
4 79 82 (-1154.000000 -793.060444 405.667559) (-1154.000000 -850.500238 319.414268) (-1153.667473 -850.634781 319.414345) (-1152.378249 -793.703297 405.687935) 
5 79 81 (-1152.378249 -793.703297 405.687935) (-1153.667473 -850.634781 319.414345) (-1152.000000 -850.111233 319.182819) (-1143.445473 -846.649989 319.180827) (-1112.312571 -825.131263 332.819071) 
4 80 81 (-1143.445473 -846.649989 319.180827) (-1058.442890 -812.257124 319.161034) (-1053.273149 -809.656078 319.938789) (-1069.443929 -795.500920 351.598335) 
5 80 85 (-1058.442890 -812.257124 319.161034) (-1129.690000 -742.000000 300.000000) (-1121.082407 -722.000000 300.048199) (-1015.978467 -722.000000 320.067998) (-1053.273149 -809.656078 319.938789) 
3 80 84 (-1129.690000 -742.000000 300.000000) (-1058.442890 -812.257124 319.161034) (-1143.445473 -846.649989 319.180827) 
3 81 83 (-1152.000000 -850.111233 319.182819) (-1152.000000 -851.309453 319.414733) (-1153.667473 -850.634781 319.414345) 
5 81 84 (-1058.442890 -812.257124 319.161034) (-1003.996179 -865.947291 333.803807) (-1048.153017 -883.760449 333.803807) (-1152.000000 -851.309453 319.414733) (-1152.000000 -850.111233 319.182819) 
4 81 85 (-1003.996179 -865.947291 333.803807) (-1058.442890 -812.257124 319.161034) (-955.964914 -760.697490 334.578198) (-998.511670 -862.550442 334.578198) 
5 81 82 (-1048.153017 -883.760449 333.803807) (-1151.929169 -777.072818 430.933706) (-1152.000989 -777.043673 430.933819) (-1153.667473 -850.634781 319.414345) (-1152.000000 -851.309453 319.414733) 
3 82 114 (-1154.000000 -863.193676 373.952944) (-1154.000000 -776.232451 430.936969) (-1154.000000 -829.060361 351.609021) 
4 82 115 (-1154.000000 -850.500238 319.414268) (-1154.000000 -924.550990 333.746672) (-1154.000000 -863.193676 373.952944) (-1154.000000 -829.060361 351.609021) 
4 82 83 (-1154.000000 -924.550990 333.746672) (-1154.000000 -850.500238 319.414268) (-1152.000000 -851.309453 319.414733) (-1152.000000 -925.357803 333.746672) 
4 82 84 (-1048.153017 -883.760449 333.803807) (-1151.526048 -925.461806 333.803807) (-1152.000000 -925.357803 333.746672) (-1152.000000 -851.309453 319.414733) 
4 83 121 (-1154.000000 -722.000000 294.543254) (-1154.000000 -722.000000 294.230939) (-1154.000000 -924.918926 333.505570) (-1154.000000 -924.550990 333.746672) 
4 83 84 (-1152.000000 -925.357803 333.746672) (-1154.000000 -924.918926 333.505570) (-1154.000000 -722.000000 294.230939) (-1152.000000 -722.000000 294.387097) 
4 84 121 (-1154.000000 -722.000000 294.230939) (-1154.000000 -722.000000 293.778182) (-1154.000000 -957.009535 312.477209) (-1154.000000 -924.918926 333.505570) 
4 84 85 (-884.141864 -984.136216 366.037150) (-1154.000000 -957.009535 312.477209) (-1154.000000 -722.000000 293.778182) (-1149.971818 -722.000000 294.545455) 
4 85 121 (-1154.000000 -1792.000000 64.000000) (-1154.000000 -1792.000000 378.914978) (-1154.000000 -722.000000 293.778182) (-1154.000000 -722.000000 64.000000) 
4 86 129 (-1154.000000 -1984.000000 0.000000) (-1154.000000 -1824.000000 0.000000) (32.000000 -1824.000000 0.000000) (32.000000 -1984.000000 0.000000) 
4 86 123 (-1154.000000 -1824.000000 0.000000) (-1154.000000 -1984.000000 0.000000) (-1154.000000 -1984.000000 512.000000) (-1154.000000 -1824.000000 512.000000) 
4 87 130 (-1154.000000 -2016.000000 0.000000) (-1154.000000 -1984.000000 0.000000) (32.000000 -1984.000000 0.000000) (32.000000 -2016.000000 0.000000) 
4 87 126 (-1154.000000 -1984.000000 0.000000) (-1154.000000 -2016.000000 0.000000) (-1154.000000 -2016.000000 800.000000) (-1154.000000 -1984.000000 800.000000) 
4 88 126 (-1154.000000 -1984.000000 800.000000) (-1154.000000 -1984.000000 832.000000) (-2426.480000 -1984.000000 832.000000) (-2426.480000 -1984.000000 800.000000) 
4 88 125 (-2426.480000 0.000000 832.000000) (-2426.480000 0.000000 800.000000) (-2426.480000 -1984.000000 800.000000) (-2426.480000 -1984.000000 832.000000) 
4 89 121 (-1286.686296 -1792.000000 512.000000) (-2304.000000 -1792.000000 512.000000) (-2304.000000 -1484.391006 512.000000) (-2176.607407 -1433.000000 512.000000) 
5 89 93 (-1154.000000 -1020.473480 512.000000) (-1154.000000 -1792.000000 512.000000) (-1286.686296 -1792.000000 512.000000) (-1493.943662 -1708.391023 512.000000) (-1217.238271 -1045.984212 512.000000) 
4 89 92 (-1493.943662 -1708.391023 512.000000) (-1962.596667 -1519.333333 512.000000) (-2024.322569 -1371.567300 512.000000) (-1217.238271 -1045.984212 512.000000) 
3 89 120 (-1962.596667 -1519.333333 512.000000) (-2176.607407 -1433.000000 512.000000) (-2024.322569 -1371.567300 512.000000) 
4 89 90 (-2304.000000 0.000000 512.000000) (-1154.000000 0.000000 512.000000) (-1154.000000 -1020.473480 512.000000) (-2304.000000 -1484.391006 512.000000) 
4 89 123 (-1154.000000 -1984.000000 512.000000) (-2336.000000 -1984.000000 512.000000) (-2336.000000 -1824.000000 512.000000) (-1154.000000 -1824.000000 512.000000) 
4 89 124 (-2336.000000 -1984.000000 512.000000) (-2426.480000 -1984.000000 512.000000) (-2426.480000 0.000000 512.000000) (-2336.000000 0.000000 512.000000) 
4 90 121 (-2304.000000 0.000000 224.698515) (-2176.607407 0.000000 234.645161) (-2176.607407 -1433.000000 512.000000) (-2304.000000 -1484.391006 512.000000) 
4 90 98 (-1154.000000 -718.027790 453.462125) (-1154.000000 -719.176923 453.684537) (-1175.814931 -710.199242 450.243641) (-1174.310000 -698.000000 448.000000) 
4 90 97 (-1154.000000 -719.176923 453.684537) (-1154.000000 -720.000000 453.843843) (-1177.011703 -719.900483 452.027858) (-1175.814931 -710.199242 450.243641) 
4 90 95 (-1154.000000 -720.000000 453.843843) (-1154.000000 -736.424004 457.022682) (-1165.238433 -733.957858 455.667881) (-1177.011703 -719.900483 452.027858) 
3 90 94 (-1154.000000 -736.424004 457.022682) (-1154.000000 -747.376634 459.142546) (-1165.238433 -733.957858 455.667881) 
4 90 93 (-1154.000000 -747.376634 459.142546) (-1154.000000 -1020.473480 512.000000) (-1217.238271 -1045.984212 512.000000) (-1177.011703 -719.900483 452.027858) 
4 90 92 (-1217.238271 -1045.984212 512.000000) (-2024.322569 -1371.567300 512.000000) (-1854.986532 -972.589368 448.000000) (-1174.310000 -698.000000 448.000000) 
4 90 120 (-2024.322569 -1371.567300 512.000000) (-2176.607407 -1433.000000 512.000000) (-2176.607407 -1102.333333 448.000000) (-1854.986532 -972.589368 448.000000) 
4 90 91 (-2176.607407 0.000000 234.645161) (-1154.000000 0.000000 314.489004) (-1154.000000 -689.806813 448.000000) (-2176.607407 -1102.333333 448.000000) 
4 91 121 (-2176.607407 -1102.333333 448.000000) (-2176.607407 0.000000 234.645161) (-1154.000000 0.000000 154.801319) (-1154.000000 -342.884241 221.166010) 
5 91 96 (-1154.000000 -515.153812 333.803807) (-1154.000000 -663.811548 431.003096) (-1193.896393 -680.000469 431.064855) (-1305.488330 -577.449558 334.578198) (-1300.003821 -574.052709 333.803807) 
3 91 118 (-1154.000000 -483.624742 313.188646) (-1154.000000 -515.153812 333.803807) (-1300.003821 -574.052709 333.803807) 
4 91 119 (-1154.000000 -418.124552 270.361599) (-1154.000000 -483.624742 313.188646) (-1305.488330 -577.449558 334.578198) (-1328.588935 -556.220531 314.604530) 
3 91 92 (-1174.310000 -698.000000 448.000000) (-1854.986532 -972.589368 448.000000) (-1328.588935 -556.220531 314.604530) 
4 91 120 (-1154.000000 -342.884241 221.166010) (-1154.000000 -418.124552 270.361599) (-1854.986532 -972.589368 448.000000) (-2176.607407 -1102.333333 448.000000) 
3 92 121 (-1493.943662 -1708.391023 512.000000) (-1962.596667 -1519.333333 512.000000) (-1424.927403 -989.135045 367.400467) 
3 92 116 (-1210.878055 -720.419922 431.004029) (-1211.520291 -720.429773 430.605337) (-1211.335056 -720.002324 430.609509) 
3 92 98 (-1174.310000 -698.000000 448.000000) (-1175.814931 -710.199242 450.243641) (-1183.500000 -720.000000 448.000000) 
5 92 117 (-1211.520291 -720.429773 430.605337) (-1365.657279 -722.793912 334.918928) (-1365.035537 -720.000000 334.578198) (-1348.035086 -679.302510 334.578198) (-1194.000000 -680.000000 431.000000) 
3 92 97 (-1175.814931 -710.199242 450.243641) (-1177.011703 -719.900483 452.027858) (-1183.500000 -720.000000 448.000000) 
3 92 96 (-1305.488330 -577.449558 334.578198) (-1193.896393 -680.000469 431.064855) (-1348.035086 -679.302510 334.578198) 
5 92 93 (-1177.011703 -719.900483 452.027858) (-1217.238271 -1045.984212 512.000000) (-1493.943662 -1708.391023 512.000000) (-1424.927403 -989.135045 367.400467) (-1365.657279 -722.793912 334.918928) 
3 92 119 (-1328.588935 -556.220531 314.604530) (-1305.488330 -577.449558 334.578198) (-1365.035537 -720.000000 334.578198) 
5 92 120 (-1424.927403 -989.135045 367.400467) (-1962.596667 -1519.333333 512.000000) (-2024.322569 -1371.567300 512.000000) (-1854.986532 -972.589368 448.000000) (-1328.588935 -556.220531 314.604530) 
6 93 121 (-1154.000000 -1101.280568 367.952396) (-1154.000000 -1792.000000 501.640028) (-1286.686296 -1792.000000 512.000000) (-1493.943662 -1708.391023 512.000000) (-1424.927403 -989.135045 367.400467) (-1304.150215 -870.036070 334.918928) 
5 93 116 (-1211.520291 -720.429773 430.605337) (-1210.878055 -720.419922 431.004029) (-1193.974381 -759.432905 431.378379) (-1308.091736 -860.600438 334.918928) (-1323.118191 -824.628511 334.918928) 
3 93 117 (-1365.657279 -722.793912 334.918928) (-1211.520291 -720.429773 430.605337) (-1323.118191 -824.628511 334.918928) 
3 93 97 (-1183.500000 -720.000000 448.000000) (-1177.011703 -719.900483 452.027858) (-1174.310000 -742.000000 448.000000) 
3 93 95 (-1177.011703 -719.900483 452.027858) (-1165.238433 -733.957858 455.667881) (-1174.310000 -742.000000 448.000000) 
5 93 94 (-1165.238433 -733.957858 455.667881) (-1154.000000 -747.376634 459.142546) (-1154.000000 -1101.280568 367.952396) (-1304.150215 -870.036070 334.918928) (-1308.091736 -860.600438 334.918928) 
3 93 120 (-1304.150215 -870.036070 334.918928) (-1424.927403 -989.135045 367.400467) (-1365.657279 -722.793912 334.918928) 
4 94 121 (-1154.000000 -924.550990 333.746672) (-1154.000000 -1101.280568 367.952396) (-1304.150215 -870.036070 334.918928) (-1299.791374 -865.737796 333.746672) 
4 94 114 (-1154.000000 -776.232451 430.936969) (-1154.000000 -863.193676 373.952944) (-1197.861118 -845.470105 373.972411) (-1194.000000 -760.000000 431.000000) 
4 94 115 (-1154.000000 -863.193676 373.952944) (-1154.000000 -924.550990 333.746672) (-1200.584648 -905.758438 333.746672) (-1197.861118 -845.470105 373.972411) 
4 94 116 (-1308.091736 -860.600438 334.918928) (-1193.974381 -759.432905 431.378379) (-1200.584648 -905.758438 333.746672) (-1299.791374 -865.737796 333.746672) 
4 94 95 (-1174.310000 -742.000000 448.000000) (-1165.238433 -733.957858 455.667881) (-1154.000000 -736.424004 457.022682) (-1154.000000 -750.193187 448.000000) 
3 94 120 (-1299.791374 -865.737796 333.746672) (-1304.150215 -870.036070 334.918928) (-1308.091736 -860.600438 334.918928) 
4 95 97 (-1176.928356 -720.000000 452.053627) (-1154.000000 -720.000000 453.843843) (-1154.000000 -721.972210 453.462125) (-1174.310000 -742.000000 448.000000) 
3 96 111 (-1207.293107 -668.379299 404.998097) (-1207.644725 -668.071917 404.310315) (-1207.223267 -667.904743 404.315539) 
5 96 99 (-1154.000000 -590.697986 319.182354) (-1154.000000 -646.793316 404.975211) (-1207.644725 -668.071917 404.310315) (-1250.774792 -630.368043 319.946001) (-1245.557110 -627.742876 319.161034) 
3 96 117 (-1194.000000 -680.000000 431.000000) (-1348.035086 -679.302510 334.578198) (-1250.774792 -630.368043 319.946001) 
4 96 118 (-1245.557110 -627.742876 319.161034) (-1300.003821 -574.052709 333.803807) (-1154.000000 -515.153812 333.803807) (-1154.000000 -590.697986 319.182354) 
4 96 119 (-1348.035086 -679.302510 334.578198) (-1305.488330 -577.449558 334.578198) (-1300.003821 -574.052709 333.803807) (-1245.557110 -627.742876 319.161034) 
4 97 98 (-1183.500000 -720.000000 448.000000) (-1175.814931 -710.199242 450.243641) (-1154.000000 -719.176923 453.684537) (-1154.000000 -720.000000 453.619048) 
3 99 104 (-1211.356202 -663.683633 373.985217) (-1211.555916 -663.479659 372.519582) (-1210.861305 -663.205812 372.536849) 
4 99 100 (-1154.000000 -633.590144 336.758825) (-1154.000000 -640.788491 373.950285) (-1211.555916 -663.479659 372.519582) (-1216.400668 -658.531545 336.965449) 
5 99 110 (-1154.000000 -628.762319 311.815063) (-1154.000000 -633.590144 336.758825) (-1216.400668 -658.531545 336.965449) (-1216.444736 -658.486537 336.642046) (-1165.829978 -633.485010 311.824663) 
4 99 111 (-1207.223267 -667.904743 404.315539) (-1207.644725 -668.071917 404.310315) (-1246.974853 -673.567109 351.611546) (-1216.444736 -658.486537 336.642046) 
5 99 112 (-1246.974853 -673.567109 351.611546) (-1259.351848 -675.296419 335.027507) (-1231.606695 -660.140372 313.926037) (-1218.436775 -654.486372 311.867353) (-1165.829978 -633.485010 311.824663) 
3 99 113 (-1259.351848 -675.296419 335.027507) (-1252.422028 -634.239651 319.951708) (-1231.606695 -660.140372 313.926037) 
4 99 118 (-1218.436775 -654.486372 311.867353) (-1245.557110 -627.742876 319.161034) (-1154.000000 -590.697986 319.182354) (-1154.000000 -628.762319 311.815063) 
5 99 119 (-1231.606695 -660.140372 313.926037) (-1252.422028 -634.239651 319.951708) (-1250.774792 -630.368043 319.946001) (-1245.557110 -627.742876 319.161034) (-1218.436775 -654.486372 311.867353) 
4 99 117 (-1207.644725 -668.071917 404.310315) (-1250.774792 -630.368043 319.946001) (-1252.422028 -634.239651 319.951708) (-1259.351848 -675.296419 335.027507) 
5 100 101 (-1206.848763 -667.362076 342.989270) (-1194.535496 -665.768624 326.446851) (-1154.000000 -650.072723 325.981754) (-1154.000000 -646.770777 343.041809) (-1207.006373 -667.198820 344.149882) 
4 100 104 (-1211.555916 -663.479659 372.519582) (-1216.916995 -668.664999 356.515569) (-1206.848763 -667.362076 342.989270) (-1210.861305 -663.205812 372.536849) 
4 100 105 (-1216.916995 -668.664999 356.515569) (-1223.566476 -675.096505 336.665395) (-1205.072939 -669.848867 326.567755) (-1194.535496 -665.768624 326.446851) 
5 100 110 (-1205.072939 -669.848867 326.567755) (-1216.733196 -659.159309 336.642992) (-1216.400668 -658.531545 336.965449) (-1154.000000 -633.590144 336.758825) (-1154.000000 -650.072723 325.981754) 
3 100 112 (-1223.566476 -675.096505 336.665395) (-1216.733196 -659.159309 336.642992) (-1205.061288 -669.845561 326.561394) 
4 100 111 (-1211.555916 -663.479659 372.519582) (-1216.400668 -658.531545 336.965449) (-1216.733196 -659.159309 336.642992) (-1223.566476 -675.096505 336.665395) 
3 101 104 (-1207.006373 -667.198820 344.149882) (-1206.848763 -667.362076 342.989270) (-1207.130000 -668.000000 343.000000) 
4 101 110 (-1194.015519 -679.587574 317.273770) (-1194.535496 -665.768624 326.446851) (-1154.000000 -650.072723 325.981754) (-1154.000000 -663.789593 317.013032) 
4 101 105 (-1194.535496 -665.768624 326.446851) (-1194.015519 -679.587574 317.273770) (-1207.130000 -668.000000 343.000000) (-1206.848763 -667.362076 342.989270) 
3 102 103 (-1206.595241 -772.205858 342.988626) (-1205.166110 -782.739069 358.014227) (-1211.060000 -777.000000 374.000000) 
4 102 107 (-1211.060000 -777.000000 374.000000) (-1205.166110 -782.739069 358.014227) (-1154.000000 -803.157252 358.014227) (-1154.000000 -799.494863 375.299397) 
4 102 108 (-1154.000000 -792.452598 341.869958) (-1154.000000 -803.157252 358.014227) (-1205.166110 -782.739069 358.014227) (-1206.595241 -772.205858 342.988626) 
3 103 105 (-1229.440000 -720.000000 343.000000) (-1230.056642 -720.003981 343.874707) (-1229.838296 -719.508712 343.866376) 
5 103 106 (-1206.678424 -771.592769 342.114056) (-1214.410523 -778.565572 357.283599) (-1236.152796 -727.888826 357.283599) (-1230.056642 -720.003981 343.874707) (-1229.440000 -720.000000 343.000000) 
4 103 108 (-1205.166110 -782.739069 358.014227) (-1213.973188 -779.224545 358.014227) (-1214.410523 -778.565572 357.283599) (-1206.678424 -771.592769 342.114056) 
3 103 111 (-1235.748047 -719.979911 372.767830) (-1236.011383 -720.587690 372.754687) (-1235.755283 -720.564786 374.011350) 
6 103 109 (-1235.755283 -720.564786 374.011350) (-1236.011383 -720.587690 372.754687) (-1236.152796 -727.888826 357.283599) (-1214.410523 -778.565572 357.283599) (-1213.973188 -779.224545 358.014227) (-1211.479318 -776.591697 375.137300) 
3 103 107 (-1211.479318 -776.591697 375.137300) (-1213.973188 -779.224545 358.014227) (-1205.166110 -782.739069 358.014227) 
5 103 104 (-1229.838296 -719.508712 343.866376) (-1230.056642 -720.003981 343.874707) (-1236.152796 -727.888826 357.283599) (-1236.011383 -720.587690 372.754687) (-1235.748047 -719.979911 372.767830) 
4 104 105 (-1230.056642 -720.003981 343.874707) (-1238.968077 -720.061513 356.515569) (-1216.916995 -668.664999 356.515569) (-1206.848763 -667.362076 342.989270) 
4 104 106 (-1236.152796 -727.888826 357.283599) (-1239.164289 -720.869660 357.283599) (-1238.968077 -720.061513 356.515569) (-1230.056642 -720.003981 343.874707) 
6 104 111 (-1211.356202 -663.683633 373.985217) (-1211.555916 -663.479659 372.519582) (-1216.916995 -668.664999 356.515569) (-1238.968077 -720.061513 356.515569) (-1239.164289 -720.869660 357.283599) (-1236.011383 -720.587690 372.754687) 
3 104 109 (-1236.011383 -720.587690 372.754687) (-1239.164289 -720.869660 357.283599) (-1236.152796 -727.888826 357.283599) 
4 105 111 (-1216.916995 -668.664999 356.515569) (-1223.566476 -675.096505 336.665395) (-1233.905522 -699.210169 336.699293) (-1238.968077 -720.061513 356.515569) 
5 105 112 (-1211.189475 -719.882176 317.111644) (-1233.905522 -699.210169 336.699293) (-1223.566476 -675.096505 336.665395) (-1205.061288 -669.845561 326.561394) (-1193.991581 -679.980466 316.999945) 
3 105 110 (-1194.000000 -680.000000 317.000000) (-1205.072939 -669.848867 326.567755) (-1194.535496 -665.768624 326.446851) 
3 105 106 (-1233.905522 -699.210169 336.699293) (-1211.189475 -719.882176 317.111644) (-1238.968077 -720.061513 356.515569) 
4 106 109 (-1239.164289 -720.869660 357.283599) (-1243.259812 -721.235929 337.187152) (-1226.472203 -760.391125 337.132921) (-1214.410523 -778.565572 357.283599) 
4 106 111 (-1233.905522 -699.210169 336.699293) (-1242.932016 -720.262580 336.728887) (-1243.259812 -721.235929 337.187152) (-1239.164289 -720.869660 357.283599) 
3 106 115 (-1193.877072 -760.048517 316.999189) (-1194.006414 -759.997469 317.000042) (-1193.869865 -759.874806 316.883566) 
6 106 113 (-1193.870220 -759.883363 316.889262) (-1194.000000 -760.000000 317.000000) (-1226.472203 -760.391125 337.132921) (-1243.259812 -721.235929 337.187152) (-1242.934853 -720.271002 336.732852) (-1211.058334 -720.003866 316.999989) 
3 106 112 (-1211.060000 -720.000000 317.000000) (-1242.932016 -720.262580 336.728887) (-1233.905522 -699.210169 336.699293) 
4 106 108 (-1226.472203 -760.391125 337.132921) (-1194.000000 -760.000000 317.000000) (-1193.877072 -760.048517 316.999189) (-1214.410523 -778.565572 357.283599) 
4 107 108 (-1154.000000 -803.157252 358.014227) (-1154.000000 -813.952601 374.295279) (-1204.357162 -793.713898 374.079107) (-1213.973188 -779.224545 358.014227) 
4 107 114 (-1207.130000 -772.000000 405.000000) (-1204.357162 -793.713898 374.079107) (-1154.000000 -813.952601 374.295279) (-1154.000000 -793.060444 405.667559) 
3 107 109 (-1213.973188 -779.224545 358.014227) (-1204.357162 -793.713898 374.079107) (-1207.130000 -772.000000 405.000000) 
4 108 109 (-1226.472203 -760.391125 337.132921) (-1217.561182 -781.175072 337.104135) (-1202.342153 -809.493299 351.609021) (-1204.357162 -793.713898 374.079107) 
4 108 114 (-1204.357162 -793.713898 374.079107) (-1202.342153 -809.493299 351.609021) (-1154.000000 -829.060361 351.609021) (-1154.000000 -813.952601 374.295279) 
5 108 115 (-1154.000000 -775.787254 316.736048) (-1154.000000 -829.060361 351.609021) (-1202.342153 -809.493299 351.609021) (-1217.567742 -781.162866 337.097883) (-1194.006414 -759.997469 317.000042) 
3 108 113 (-1194.000000 -760.000000 317.000000) (-1217.561182 -781.175072 337.104135) (-1226.472203 -760.391125 337.132921) 
4 109 113 (-1217.561182 -781.175072 337.104135) (-1234.568332 -796.459858 351.615887) (-1253.580644 -751.882338 351.615887) (-1243.259812 -721.235929 337.187152) 
3 109 115 (-1202.342153 -809.493299 351.609021) (-1234.579605 -796.444806 351.609021) (-1217.567742 -781.162866 337.097883) 
3 109 117 (-1229.493182 -720.004756 404.739041) (-1229.558351 -720.156306 404.738280) (-1229.373441 -720.154743 405.000793) 
5 109 116 (-1229.373441 -720.154743 405.000793) (-1229.558351 -720.156306 404.738280) (-1253.581928 -751.884033 351.613048) (-1234.579605 -796.444806 351.609021) (-1207.153813 -771.813524 405.265544) 
3 109 114 (-1207.153813 -771.813524 405.265544) (-1234.579605 -796.444806 351.609021) (-1202.342153 -809.493299 351.609021) 
4 109 111 (-1243.259812 -721.235929 337.187152) (-1253.580644 -751.882338 351.615887) (-1229.558351 -720.156306 404.738280) (-1229.493182 -720.004756 404.739041) 
3 110 111 (-1216.400668 -658.531545 336.965449) (-1216.444736 -658.486537 336.642046) (-1216.733196 -659.159309 336.642992) 
4 110 118 (-1174.310000 -698.000000 300.000000) (-1165.829978 -633.485010 311.824663) (-1154.000000 -628.762319 311.815063) (-1154.000000 -689.810664 299.999255) 
4 110 112 (-1216.733196 -659.159309 336.642992) (-1216.444736 -658.486537 336.642046) (-1165.829978 -633.485010 311.824663) (-1174.310000 -698.000000 300.000000) 
4 111 112 (-1242.932016 -720.262580 336.728887) (-1266.974953 -720.460660 351.611546) (-1246.974853 -673.567109 351.611546) (-1216.444736 -658.486537 336.642046) 
3 111 113 (-1253.580644 -751.882338 351.615887) (-1266.976948 -720.472482 351.615887) (-1242.934853 -720.271002 336.732852) 
5 111 117 (-1207.293107 -668.379299 404.998097) (-1207.644725 -668.071917 404.310315) (-1246.974853 -673.567109 351.611546) (-1266.976948 -720.472482 351.615887) (-1229.558351 -720.156306 404.738280) 
3 111 116 (-1229.558351 -720.156306 404.738280) (-1266.976948 -720.472482 351.615887) (-1253.581928 -751.884033 351.613048) 
3 112 117 (-1246.974853 -673.567109 351.611546) (-1259.351848 -675.296419 335.027507) (-1266.976948 -720.472482 351.615887) 
4 112 119 (-1183.681275 -719.774438 300.052476) (-1231.606695 -660.140372 313.926037) (-1218.436775 -654.486372 311.867353) (-1174.310000 -698.000000 300.000000) 
3 112 118 (-1174.310000 -698.000000 300.000000) (-1218.436775 -654.486372 311.867353) (-1165.829978 -633.485010 311.824663) 
4 112 113 (-1266.976948 -720.472482 351.615887) (-1259.351848 -675.296419 335.027507) (-1231.606695 -660.140372 313.926037) (-1183.681275 -719.774438 300.052476) 
3 113 121 (-1174.076832 -742.094510 300.000087) (-1174.310000 -742.000000 300.000000) (-1174.113977 -741.806701 299.947282) 
4 113 116 (-1266.976948 -720.472482 351.615887) (-1289.125765 -720.659633 320.171678) (-1286.213182 -727.505376 320.161597) (-1234.579605 -796.444806 351.609021) 
4 113 117 (-1252.422028 -634.239651 319.951708) (-1288.910099 -720.000000 320.078114) (-1289.125765 -720.659633 320.171678) (-1266.976948 -720.472482 351.615887) 
6 113 120 (-1174.113977 -741.806701 299.947282) (-1174.310000 -742.000000 300.000000) (-1286.213182 -727.505376 320.161597) (-1289.125765 -720.659633 320.171678) (-1288.910099 -720.000000 320.078114) (-1183.500000 -720.000000 300.000000) 
3 113 119 (-1183.500000 -720.000000 300.000000) (-1288.910099 -720.000000 320.078114) (-1252.422028 -634.239651 319.951708) 
4 113 115 (-1286.213182 -727.505376 320.161597) (-1174.310000 -742.000000 300.000000) (-1174.076832 -742.094510 300.000087) (-1234.579605 -796.444806 351.609021) 
4 114 115 (-1154.000000 -829.060361 351.609021) (-1154.000000 -863.193676 373.952944) (-1197.861118 -845.470105 373.972411) (-1234.579605 -796.444806 351.609021) 
3 114 116 (-1234.579605 -796.444806 351.609021) (-1197.861118 -845.470105 373.972411) (-1194.000000 -760.000000 431.000000) 
5 115 121 (-1154.000000 -750.232270 300.007564) (-1154.000000 -924.550990 333.746672) (-1200.584648 -905.758438 333.746672) (-1248.795950 -815.450959 320.032080) (-1174.310000 -742.000000 300.000000) 
4 115 116 (-1286.213182 -727.505376 320.161597) (-1248.795950 -815.450959 320.032080) (-1200.584648 -905.758438 333.746672) (-1197.861118 -845.470105 373.972411) 
3 115 120 (-1174.310000 -742.000000 300.000000) (-1248.795950 -815.450959 320.032080) (-1286.213182 -727.505376 320.161597) 
3 116 121 (-1200.584648 -905.758438 333.746672) (-1299.791374 -865.737796 333.746672) (-1248.795950 -815.450959 320.032080) 
5 116 120 (-1248.795950 -815.450959 320.032080) (-1299.791374 -865.737796 333.746672) (-1308.091736 -860.600438 334.918928) (-1323.118191 -824.628511 334.918928) (-1289.125765 -720.659633 320.171678) 
4 116 117 (-1289.125765 -720.659633 320.171678) (-1323.118191 -824.628511 334.918928) (-1211.520291 -720.429773 430.605337) (-1211.335056 -720.002324 430.609509) 
4 117 119 (-1288.910099 -720.000000 320.078114) (-1365.035537 -720.000000 334.578198) (-1348.035086 -679.302510 334.578198) (-1250.774792 -630.368043 319.946001) 
4 117 120 (-1323.118191 -824.628511 334.918928) (-1365.657279 -722.793912 334.918928) (-1365.035537 -720.000000 334.578198) (-1288.910099 -720.000000 320.078114) 
3 118 119 (-1300.003821 -574.052709 333.803807) (-1154.000000 -483.624742 313.188646) (-1154.000000 -718.027790 294.537875) 
4 119 120 (-1365.035537 -720.000000 334.578198) (-1328.588935 -556.220531 314.604530) (-1154.000000 -418.124552 270.361599) (-1154.000000 -720.000000 294.380952) 
5 120 121 (-2176.607407 -1433.000000 512.000000) (-2176.607407 -1102.333333 448.000000) (-1154.000000 -342.884241 221.166010) (-1154.000000 -721.972210 294.537875) (-1962.596667 -1519.333333 512.000000) 
4 121 122 (-2304.000000 -1664.000000 288.000000) (-2304.000000 -1664.000000 64.000000) (-2304.000000 -1792.000000 64.000000) (-2304.000000 -1792.000000 288.000000) 
4 122 124 (-2336.000000 -1664.000000 288.000000) (-2336.000000 -1664.000000 64.000000) (-2336.000000 -1792.000000 64.000000) (-2336.000000 -1792.000000 288.000000) 
4 123 129 (-1154.000000 -1824.000000 0.000000) (-1154.000000 -1984.000000 0.000000) (-2336.000000 -1984.000000 0.000000) (-2336.000000 -1824.000000 0.000000) 
4 123 124 (-2336.000000 -1984.000000 512.000000) (-2336.000000 -1824.000000 512.000000) (-2336.000000 -1824.000000 0.000000) (-2336.000000 -1984.000000 0.000000) 
4 124 129 (-2426.480000 0.000000 0.000000) (-2336.000000 0.000000 0.000000) (-2336.000000 -1984.000000 0.000000) (-2426.480000 -1984.000000 0.000000) 
4 125 131 (-2464.000000 -1984.000000 0.000000) (-2464.000000 0.000000 0.000000) (-2426.480000 0.000000 0.000000) (-2426.480000 -1984.000000 0.000000) 
4 125 126 (-2464.000000 -1984.000000 0.000000) (-2426.480000 -1984.000000 0.000000) (-2426.480000 -1984.000000 832.000000) (-2464.000000 -1984.000000 832.000000) 
4 126 130 (-2426.480000 -1984.000000 0.000000) (-1154.000000 -1984.000000 0.000000) (-1154.000000 -2016.000000 0.000000) (-2426.480000 -2016.000000 0.000000) 
4 126 131 (-2464.000000 -2016.000000 0.000000) (-2464.000000 -1984.000000 0.000000) (-2426.480000 -1984.000000 0.000000) (-2426.480000 -2016.000000 0.000000) 
4 127 128 (762.483000 736.000000 -0.000000) (762.483000 736.000000 -480.000000) (762.483000 704.000000 -480.000000) (762.483000 704.000000 0.000000) 
4 127 130 (762.483000 -1984.000000 -480.000000) (800.000000 -1984.000000 -480.000000) (800.000000 -1984.000000 -0.000000) (762.483000 -1984.000000 0.000000) 
4 127 132 (762.483000 736.000000 -480.000000) (800.000000 736.000000 -480.000000) (800.000000 -1984.000000 -480.000000) (762.483000 -1984.000000 -480.000000) 
4 128 131 (-2426.480000 736.000000 -0.000000) (-2426.480000 736.000000 -480.000000) (-2426.480000 704.000000 -480.000000) (-2426.480000 704.000000 0.000000) 
4 128 132 (-2426.480000 736.000000 -480.000000) (762.483000 736.000000 -480.000000) (762.483000 704.000000 -480.000000) (-2426.480000 704.000000 -480.000000) 
4 130 131 (-2426.480000 -1984.000000 -480.000000) (-2426.480000 -2016.000000 -480.000000) (-2426.480000 -2016.000000 -0.000000) (-2426.480000 -1984.000000 0.000000) 
4 130 132 (800.000000 -1984.000000 -480.000000) (800.000000 -2016.000000 -480.000000) (-2426.480000 -2016.000000 -480.000000) (-2426.480000 -1984.000000 -480.000000) 
4 131 132 (-2464.000000 -2016.000000 -480.000000) (-2464.000000 736.000000 -480.000000) (-2426.480000 736.000000 -480.000000) (-2426.480000 -2016.000000 -480.000000) 
