c:\users\djdis\source\repos\aura-se\projects\vs2019\debug\auradll\aura.lib
c:\users\djdis\source\repos\aura-se\projects\vs2019\debug\auradll\aura.exp
c:\users\djdis\source\repos\aura-se\projects\vs2019\debug\auradll\int\vc142.pdb
c:\users\djdis\source\repos\aura-se\projects\vs2019\debug\auradll\int\vc142.idb
c:\users\djdis\source\repos\aura-se\projects\vs2019\debug\auradll\int\defaultai.obj
c:\users\djdis\source\repos\aura-se\projects\vs2019\debug\auradll\int\crowbar.obj
c:\users\djdis\source\repos\aura-se\projects\vs2019\debug\auradll\int\crossbow.obj
c:\users\djdis\source\repos\aura-se\projects\vs2019\debug\auradll\int\controller.obj
c:\users\djdis\source\repos\aura-se\projects\vs2019\debug\auradll\int\combat.obj
c:\users\djdis\source\repos\aura-se\projects\vs2019\debug\auradll\int\client.obj
c:\users\djdis\source\repos\aura-se\projects\vs2019\debug\auradll\int\cbase.obj
c:\users\djdis\source\repos\aura-se\projects\vs2019\debug\auradll\int\buttons.obj
c:\users\djdis\source\repos\aura-se\projects\vs2019\debug\auradll\int\bullsquid.obj
c:\users\djdis\source\repos\aura-se\projects\vs2019\debug\auradll\int\bmodels.obj
c:\users\djdis\source\repos\aura-se\projects\vs2019\debug\auradll\int\bloater.obj
c:\users\djdis\source\repos\aura-se\projects\vs2019\debug\auradll\int\bigmomma.obj
c:\users\djdis\source\repos\aura-se\projects\vs2019\debug\auradll\int\barney.obj
c:\users\djdis\source\repos\aura-se\projects\vs2019\debug\auradll\int\barnacle.obj
c:\users\djdis\source\repos\aura-se\projects\vs2019\debug\auradll\int\apache.obj
c:\users\djdis\source\repos\aura-se\projects\vs2019\debug\auradll\int\animation.obj
c:\users\djdis\source\repos\aura-se\projects\vs2019\debug\auradll\int\animating.obj
c:\users\djdis\source\repos\aura-se\projects\vs2019\debug\auradll\int\airtank.obj
c:\users\djdis\source\repos\aura-se\projects\vs2019\debug\auradll\int\agrunt.obj
c:\users\djdis\source\repos\aura-se\projects\vs2019\debug\auradll\int\aflock.obj
c:\users\djdis\source\repos\aura-se\projects\vs2019\debug\auradll\int\hgrunt.obj
c:\users\djdis\source\repos\aura-se\projects\vs2019\debug\auradll\int\healthkit.obj
c:\users\djdis\source\repos\aura-se\projects\vs2019\debug\auradll\int\headcrab.obj
c:\users\djdis\source\repos\aura-se\projects\vs2019\debug\auradll\int\hassassin.obj
c:\users\djdis\source\repos\aura-se\projects\vs2019\debug\auradll\int\handgrenade.obj
c:\users\djdis\source\repos\aura-se\projects\vs2019\debug\auradll\int\gman.obj
c:\users\djdis\source\repos\aura-se\projects\vs2019\debug\auradll\int\globals.obj
c:\users\djdis\source\repos\aura-se\projects\vs2019\debug\auradll\int\ggrenade.obj
c:\users\djdis\source\repos\aura-se\projects\vs2019\debug\auradll\int\genericmonster.obj
c:\users\djdis\source\repos\aura-se\projects\vs2019\debug\auradll\int\gauss.obj
c:\users\djdis\source\repos\aura-se\projects\vs2019\debug\auradll\int\gargantua.obj
c:\users\djdis\source\repos\aura-se\projects\vs2019\debug\auradll\int\gamerules.obj
c:\users\djdis\source\repos\aura-se\projects\vs2019\debug\auradll\int\game.obj
c:\users\djdis\source\repos\aura-se\projects\vs2019\debug\auradll\int\func_tank.obj
c:\users\djdis\source\repos\aura-se\projects\vs2019\debug\auradll\int\func_break.obj
c:\users\djdis\source\repos\aura-se\projects\vs2019\debug\auradll\int\flyingmonster.obj
c:\users\djdis\source\repos\aura-se\projects\vs2019\debug\auradll\int\explode.obj
c:\users\djdis\source\repos\aura-se\projects\vs2019\debug\auradll\int\egon.obj
c:\users\djdis\source\repos\aura-se\projects\vs2019\debug\auradll\int\effects.obj
c:\users\djdis\source\repos\aura-se\projects\vs2019\debug\auradll\int\doors.obj
c:\users\djdis\source\repos\aura-se\projects\vs2019\debug\auradll\int\multiplay_gamerules.obj
c:\users\djdis\source\repos\aura-se\projects\vs2019\debug\auradll\int\mp5.obj
c:\users\djdis\source\repos\aura-se\projects\vs2019\debug\auradll\int\mortar.obj
c:\users\djdis\source\repos\aura-se\projects\vs2019\debug\auradll\int\monsterstate.obj
c:\users\djdis\source\repos\aura-se\projects\vs2019\debug\auradll\int\monsters.obj
c:\users\djdis\source\repos\aura-se\projects\vs2019\debug\auradll\int\monstermaker.obj
c:\users\djdis\source\repos\aura-se\projects\vs2019\debug\auradll\int\maprules.obj
c:\users\djdis\source\repos\aura-se\projects\vs2019\debug\auradll\int\lights.obj
c:\users\djdis\source\repos\aura-se\projects\vs2019\debug\auradll\int\leech.obj
c:\users\djdis\source\repos\aura-se\projects\vs2019\debug\auradll\int\items.obj
c:\users\djdis\source\repos\aura-se\projects\vs2019\debug\auradll\int\islave.obj
c:\users\djdis\source\repos\aura-se\projects\vs2019\debug\auradll\int\ichthyosaur.obj
c:\users\djdis\source\repos\aura-se\projects\vs2019\debug\auradll\int\h_export.obj
c:\users\djdis\source\repos\aura-se\projects\vs2019\debug\auradll\int\h_cycler.obj
c:\users\djdis\source\repos\aura-se\projects\vs2019\debug\auradll\int\h_cine.obj
c:\users\djdis\source\repos\aura-se\projects\vs2019\debug\auradll\int\h_battery.obj
c:\users\djdis\source\repos\aura-se\projects\vs2019\debug\auradll\int\h_ai.obj
c:\users\djdis\source\repos\aura-se\projects\vs2019\debug\auradll\int\houndeye.obj
c:\users\djdis\source\repos\aura-se\projects\vs2019\debug\auradll\int\hornetgun.obj
c:\users\djdis\source\repos\aura-se\projects\vs2019\debug\auradll\int\hornet.obj
c:\users\djdis\source\repos\aura-se\projects\vs2019\debug\auradll\int\sound.obj
c:\users\djdis\source\repos\aura-se\projects\vs2019\debug\auradll\int\skill.obj
c:\users\djdis\source\repos\aura-se\projects\vs2019\debug\auradll\int\singleplay_gamerules.obj
c:\users\djdis\source\repos\aura-se\projects\vs2019\debug\auradll\int\shotgun.obj
c:\users\djdis\source\repos\aura-se\projects\vs2019\debug\auradll\int\scripted.obj
c:\users\djdis\source\repos\aura-se\projects\vs2019\debug\auradll\int\scientist.obj
c:\users\djdis\source\repos\aura-se\projects\vs2019\debug\auradll\int\schedule.obj
c:\users\djdis\source\repos\aura-se\projects\vs2019\debug\auradll\int\satchel.obj
c:\users\djdis\source\repos\aura-se\projects\vs2019\debug\auradll\int\rpg.obj
c:\users\djdis\source\repos\aura-se\projects\vs2019\debug\auradll\int\roach.obj
c:\users\djdis\source\repos\aura-se\projects\vs2019\debug\auradll\int\rat.obj
c:\users\djdis\source\repos\aura-se\projects\vs2019\debug\auradll\int\python.obj
c:\users\djdis\source\repos\aura-se\projects\vs2019\debug\auradll\int\player.obj
c:\users\djdis\source\repos\aura-se\projects\vs2019\debug\auradll\int\plats.obj
c:\users\djdis\source\repos\aura-se\projects\vs2019\debug\auradll\int\plane.obj
c:\users\djdis\source\repos\aura-se\projects\vs2019\debug\auradll\int\pathcorner.obj
c:\users\djdis\source\repos\aura-se\projects\vs2019\debug\auradll\int\osprey.obj
c:\users\djdis\source\repos\aura-se\projects\vs2019\debug\auradll\int\observer.obj
c:\users\djdis\source\repos\aura-se\projects\vs2019\debug\auradll\int\nodes.obj
c:\users\djdis\source\repos\aura-se\projects\vs2019\debug\auradll\int\nihilanth.obj
c:\users\djdis\source\repos\aura-se\projects\vs2019\debug\auradll\int\algo.obj
c:\users\djdis\source\repos\aura-se\projects\vs2019\debug\auradll\int\voice_gamemgr.obj
c:\users\djdis\source\repos\aura-se\projects\vs2019\debug\auradll\int\zombie.obj
c:\users\djdis\source\repos\aura-se\projects\vs2019\debug\auradll\int\xen.obj
c:\users\djdis\source\repos\aura-se\projects\vs2019\debug\auradll\int\hl_wpn_glock.obj
c:\users\djdis\source\repos\aura-se\projects\vs2019\debug\auradll\int\world.obj
c:\users\djdis\source\repos\aura-se\projects\vs2019\debug\auradll\int\weapons.obj
c:\users\djdis\source\repos\aura-se\projects\vs2019\debug\auradll\int\util.obj
c:\users\djdis\source\repos\aura-se\projects\vs2019\debug\auradll\int\turret.obj
c:\users\djdis\source\repos\aura-se\projects\vs2019\debug\auradll\int\tripmine.obj
c:\users\djdis\source\repos\aura-se\projects\vs2019\debug\auradll\int\triggers.obj
c:\users\djdis\source\repos\aura-se\projects\vs2019\debug\auradll\int\tentacle.obj
c:\users\djdis\source\repos\aura-se\projects\vs2019\debug\auradll\int\tempmonster.obj
c:\users\djdis\source\repos\aura-se\projects\vs2019\debug\auradll\int\teamplay_gamerules.obj
c:\users\djdis\source\repos\aura-se\projects\vs2019\debug\auradll\int\talkmonster.obj
c:\users\djdis\source\repos\aura-se\projects\vs2019\debug\auradll\int\subs.obj
c:\users\djdis\source\repos\aura-se\projects\vs2019\debug\auradll\int\squeakgrenade.obj
c:\users\djdis\source\repos\aura-se\projects\vs2019\debug\auradll\int\squadmonster.obj
c:\users\djdis\source\repos\aura-se\projects\vs2019\debug\auradll\int\spectator.obj
c:\users\djdis\source\repos\aura-se\projects\vs2019\debug\auradll\int\soundent.obj
c:\users\djdis\source\repos\aura-se\projects\vs2019\debug\auradll\int\agscorelog.obj
c:\users\djdis\source\repos\aura-se\projects\vs2019\debug\auradll\int\agscorecache.obj
c:\users\djdis\source\repos\aura-se\projects\vs2019\debug\auradll\int\agscore.obj
c:\users\djdis\source\repos\aura-se\projects\vs2019\debug\auradll\int\agmatch.obj
c:\users\djdis\source\repos\aura-se\projects\vs2019\debug\auradll\int\aglms.obj
c:\users\djdis\source\repos\aura-se\projects\vs2019\debug\auradll\int\aginfointermission.obj
c:\users\djdis\source\repos\aura-se\projects\vs2019\debug\auradll\int\agglobal.obj
c:\users\djdis\source\repos\aura-se\projects\vs2019\debug\auradll\int\aggamerules.obj
c:\users\djdis\source\repos\aura-se\projects\vs2019\debug\auradll\int\aggamemode.obj
c:\users\djdis\source\repos\aura-se\projects\vs2019\debug\auradll\int\aggame.obj
c:\users\djdis\source\repos\aura-se\projects\vs2019\debug\auradll\int\agdom.obj
c:\users\djdis\source\repos\aura-se\projects\vs2019\debug\auradll\int\agctf.obj
c:\users\djdis\source\repos\aura-se\projects\vs2019\debug\auradll\int\agcommand.obj
c:\users\djdis\source\repos\aura-se\projects\vs2019\debug\auradll\int\agclient.obj
c:\users\djdis\source\repos\aura-se\projects\vs2019\debug\auradll\int\agarena.obj
c:\users\djdis\source\repos\aura-se\projects\vs2019\debug\auradll\int\agadmincache.obj
c:\users\djdis\source\repos\aura-se\projects\vs2019\debug\auradll\int\agadmin.obj
c:\users\djdis\source\repos\aura-se\projects\vs2019\debug\auradll\int\pm_shared.obj
c:\users\djdis\source\repos\aura-se\projects\vs2019\debug\auradll\int\pm_math.obj
c:\users\djdis\source\repos\aura-se\projects\vs2019\debug\auradll\int\pm_debug.obj
c:\users\djdis\source\repos\aura-se\projects\vs2019\debug\auradll\int\agwallhack.obj
c:\users\djdis\source\repos\aura-se\projects\vs2019\debug\auradll\int\agvote.obj
c:\users\djdis\source\repos\aura-se\projects\vs2019\debug\auradll\int\agtimer.obj
c:\users\djdis\source\repos\aura-se\projects\vs2019\debug\auradll\int\agtimeout.obj
c:\users\djdis\source\repos\aura-se\projects\vs2019\debug\auradll\int\agsuddendeath.obj
c:\users\djdis\source\repos\aura-se\projects\vs2019\debug\auradll\int\agstats.obj
c:\users\djdis\source\repos\aura-se\projects\vs2019\debug\auradll\int\agspectator.obj
c:\users\djdis\source\repos\aura-se\projects\vs2019\debug\auradll\int\agsettings.obj
c:\users\djdis\source\repos\aura-se\projects\vs2019\debug\auradll\aura.dll
c:\users\djdis\source\repos\aura-se\projects\vs2019\debug\auradll\aura.ilk
c:\users\djdis\source\repos\aura-se\projects\vs2019\debug\auradll\aura.pdb
c:\users\djdis\source\repos\aura-se\projects\vs2019\debug\auradll\int\auradll.tlog\auradll.write.1u.tlog
c:\users\djdis\source\repos\aura-se\projects\vs2019\debug\auradll\int\auradll.tlog\cl.command.1.tlog
c:\users\djdis\source\repos\aura-se\projects\vs2019\debug\auradll\int\auradll.tlog\cl.read.1.tlog
c:\users\djdis\source\repos\aura-se\projects\vs2019\debug\auradll\int\auradll.tlog\cl.write.1.tlog
c:\users\djdis\source\repos\aura-se\projects\vs2019\debug\auradll\int\auradll.tlog\link.command.1.tlog
c:\users\djdis\source\repos\aura-se\projects\vs2019\debug\auradll\int\auradll.tlog\link.read.1.tlog
c:\users\djdis\source\repos\aura-se\projects\vs2019\debug\auradll\int\auradll.tlog\link.write.1.tlog
