c:\users\djdis\source\repos\aura-se\server dll (vs2019)\projects\vs2019\release\auradll\ag.lib
c:\users\djdis\source\repos\aura-se\server dll (vs2019)\projects\vs2019\release\auradll\ag.exp
c:\users\djdis\source\repos\aura-se\server dll (vs2019)\projects\vs2019\release\auradll\ag.ipdb
c:\users\djdis\source\repos\aura-se\server dll (vs2019)\projects\vs2019\release\auradll\ag.iobj
c:\users\djdis\source\repos\aura-se\server dll (vs2019)\projects\vs2019\release\auradll\aura.lib
c:\users\djdis\source\repos\aura-se\server dll (vs2019)\projects\vs2019\release\auradll\aura.exp
c:\users\djdis\source\repos\aura-se\server dll (vs2019)\projects\vs2019\release\auradll\aura.ipdb
c:\users\djdis\source\repos\aura-se\server dll (vs2019)\projects\vs2019\release\auradll\aura.iobj
d:\repos\c-drive\aura-se\binary\projects\vs2019\release\auradll\aura.lib
d:\repos\c-drive\aura-se\binary\projects\vs2019\release\auradll\aura.exp
d:\repos\c-drive\aura-se\binary\projects\vs2019\release\auradll\aura.ipdb
d:\repos\c-drive\aura-se\binary\projects\vs2019\release\auradll\aura.iobj
d:\repos\c-drive\aura-se\binary\projects\vs2019\release\auradll\int\vc142.pdb
d:\repos\c-drive\aura-se\binary\projects\vs2019\release\auradll\int\defaultai.obj
d:\repos\c-drive\aura-se\binary\projects\vs2019\release\auradll\int\crowbar.obj
d:\repos\c-drive\aura-se\binary\projects\vs2019\release\auradll\int\crossbow.obj
d:\repos\c-drive\aura-se\binary\projects\vs2019\release\auradll\int\controller.obj
d:\repos\c-drive\aura-se\binary\projects\vs2019\release\auradll\int\combat.obj
d:\repos\c-drive\aura-se\binary\projects\vs2019\release\auradll\int\client.obj
d:\repos\c-drive\aura-se\binary\projects\vs2019\release\auradll\int\cbase.obj
d:\repos\c-drive\aura-se\binary\projects\vs2019\release\auradll\int\buttons.obj
d:\repos\c-drive\aura-se\binary\projects\vs2019\release\auradll\int\bullsquid.obj
d:\repos\c-drive\aura-se\binary\projects\vs2019\release\auradll\int\bmodels.obj
d:\repos\c-drive\aura-se\binary\projects\vs2019\release\auradll\int\bloater.obj
d:\repos\c-drive\aura-se\binary\projects\vs2019\release\auradll\int\bigmomma.obj
d:\repos\c-drive\aura-se\binary\projects\vs2019\release\auradll\int\barney.obj
d:\repos\c-drive\aura-se\binary\projects\vs2019\release\auradll\int\barnacle.obj
d:\repos\c-drive\aura-se\binary\projects\vs2019\release\auradll\int\apache.obj
d:\repos\c-drive\aura-se\binary\projects\vs2019\release\auradll\int\animation.obj
d:\repos\c-drive\aura-se\binary\projects\vs2019\release\auradll\int\animating.obj
d:\repos\c-drive\aura-se\binary\projects\vs2019\release\auradll\int\airtank.obj
d:\repos\c-drive\aura-se\binary\projects\vs2019\release\auradll\int\agrunt.obj
d:\repos\c-drive\aura-se\binary\projects\vs2019\release\auradll\int\aflock.obj
d:\repos\c-drive\aura-se\binary\projects\vs2019\release\auradll\int\hgrunt.obj
d:\repos\c-drive\aura-se\binary\projects\vs2019\release\auradll\int\healthkit.obj
d:\repos\c-drive\aura-se\binary\projects\vs2019\release\auradll\int\headcrab.obj
d:\repos\c-drive\aura-se\binary\projects\vs2019\release\auradll\int\hassassin.obj
d:\repos\c-drive\aura-se\binary\projects\vs2019\release\auradll\int\handgrenade.obj
d:\repos\c-drive\aura-se\binary\projects\vs2019\release\auradll\int\gman.obj
d:\repos\c-drive\aura-se\binary\projects\vs2019\release\auradll\int\globals.obj
d:\repos\c-drive\aura-se\binary\projects\vs2019\release\auradll\int\ggrenade.obj
d:\repos\c-drive\aura-se\binary\projects\vs2019\release\auradll\int\genericmonster.obj
d:\repos\c-drive\aura-se\binary\projects\vs2019\release\auradll\int\gauss.obj
d:\repos\c-drive\aura-se\binary\projects\vs2019\release\auradll\int\gargantua.obj
d:\repos\c-drive\aura-se\binary\projects\vs2019\release\auradll\int\gamerules.obj
d:\repos\c-drive\aura-se\binary\projects\vs2019\release\auradll\int\game.obj
d:\repos\c-drive\aura-se\binary\projects\vs2019\release\auradll\int\func_tank.obj
d:\repos\c-drive\aura-se\binary\projects\vs2019\release\auradll\int\func_break.obj
d:\repos\c-drive\aura-se\binary\projects\vs2019\release\auradll\int\flyingmonster.obj
d:\repos\c-drive\aura-se\binary\projects\vs2019\release\auradll\int\explode.obj
d:\repos\c-drive\aura-se\binary\projects\vs2019\release\auradll\int\egon.obj
d:\repos\c-drive\aura-se\binary\projects\vs2019\release\auradll\int\effects.obj
d:\repos\c-drive\aura-se\binary\projects\vs2019\release\auradll\int\doors.obj
d:\repos\c-drive\aura-se\binary\projects\vs2019\release\auradll\int\multiplay_gamerules.obj
d:\repos\c-drive\aura-se\binary\projects\vs2019\release\auradll\int\mp5.obj
d:\repos\c-drive\aura-se\binary\projects\vs2019\release\auradll\int\mortar.obj
d:\repos\c-drive\aura-se\binary\projects\vs2019\release\auradll\int\monsterstate.obj
d:\repos\c-drive\aura-se\binary\projects\vs2019\release\auradll\int\monsters.obj
d:\repos\c-drive\aura-se\binary\projects\vs2019\release\auradll\int\monstermaker.obj
d:\repos\c-drive\aura-se\binary\projects\vs2019\release\auradll\int\maprules.obj
d:\repos\c-drive\aura-se\binary\projects\vs2019\release\auradll\int\lights.obj
d:\repos\c-drive\aura-se\binary\projects\vs2019\release\auradll\int\leech.obj
d:\repos\c-drive\aura-se\binary\projects\vs2019\release\auradll\int\items.obj
d:\repos\c-drive\aura-se\binary\projects\vs2019\release\auradll\int\islave.obj
d:\repos\c-drive\aura-se\binary\projects\vs2019\release\auradll\int\ichthyosaur.obj
d:\repos\c-drive\aura-se\binary\projects\vs2019\release\auradll\int\h_export.obj
d:\repos\c-drive\aura-se\binary\projects\vs2019\release\auradll\int\h_cycler.obj
d:\repos\c-drive\aura-se\binary\projects\vs2019\release\auradll\int\h_cine.obj
d:\repos\c-drive\aura-se\binary\projects\vs2019\release\auradll\int\h_battery.obj
d:\repos\c-drive\aura-se\binary\projects\vs2019\release\auradll\int\h_ai.obj
d:\repos\c-drive\aura-se\binary\projects\vs2019\release\auradll\int\houndeye.obj
d:\repos\c-drive\aura-se\binary\projects\vs2019\release\auradll\int\hornetgun.obj
d:\repos\c-drive\aura-se\binary\projects\vs2019\release\auradll\int\hornet.obj
d:\repos\c-drive\aura-se\binary\projects\vs2019\release\auradll\int\sound.obj
d:\repos\c-drive\aura-se\binary\projects\vs2019\release\auradll\int\skill.obj
d:\repos\c-drive\aura-se\binary\projects\vs2019\release\auradll\int\singleplay_gamerules.obj
d:\repos\c-drive\aura-se\binary\projects\vs2019\release\auradll\int\shotgun.obj
d:\repos\c-drive\aura-se\binary\projects\vs2019\release\auradll\int\scripted.obj
d:\repos\c-drive\aura-se\binary\projects\vs2019\release\auradll\int\scientist.obj
d:\repos\c-drive\aura-se\binary\projects\vs2019\release\auradll\int\schedule.obj
d:\repos\c-drive\aura-se\binary\projects\vs2019\release\auradll\int\satchel.obj
d:\repos\c-drive\aura-se\binary\projects\vs2019\release\auradll\int\rpg.obj
d:\repos\c-drive\aura-se\binary\projects\vs2019\release\auradll\int\roach.obj
d:\repos\c-drive\aura-se\binary\projects\vs2019\release\auradll\int\rat.obj
d:\repos\c-drive\aura-se\binary\projects\vs2019\release\auradll\int\python.obj
d:\repos\c-drive\aura-se\binary\projects\vs2019\release\auradll\int\player.obj
d:\repos\c-drive\aura-se\binary\projects\vs2019\release\auradll\int\plats.obj
d:\repos\c-drive\aura-se\binary\projects\vs2019\release\auradll\int\plane.obj
d:\repos\c-drive\aura-se\binary\projects\vs2019\release\auradll\int\pathcorner.obj
d:\repos\c-drive\aura-se\binary\projects\vs2019\release\auradll\int\osprey.obj
d:\repos\c-drive\aura-se\binary\projects\vs2019\release\auradll\int\observer.obj
d:\repos\c-drive\aura-se\binary\projects\vs2019\release\auradll\int\nodes.obj
d:\repos\c-drive\aura-se\binary\projects\vs2019\release\auradll\int\nihilanth.obj
d:\repos\c-drive\aura-se\binary\projects\vs2019\release\auradll\int\zombie.obj
d:\repos\c-drive\aura-se\binary\projects\vs2019\release\auradll\int\zamn.obj
d:\repos\c-drive\aura-se\binary\projects\vs2019\release\auradll\int\xen.obj
d:\repos\c-drive\aura-se\binary\projects\vs2019\release\auradll\int\hl_wpn_glock.obj
d:\repos\c-drive\aura-se\binary\projects\vs2019\release\auradll\int\world.obj
d:\repos\c-drive\aura-se\binary\projects\vs2019\release\auradll\int\weapons.obj
d:\repos\c-drive\aura-se\binary\projects\vs2019\release\auradll\int\util.obj
d:\repos\c-drive\aura-se\binary\projects\vs2019\release\auradll\int\turret.obj
d:\repos\c-drive\aura-se\binary\projects\vs2019\release\auradll\int\tripmine.obj
d:\repos\c-drive\aura-se\binary\projects\vs2019\release\auradll\int\triggers.obj
d:\repos\c-drive\aura-se\binary\projects\vs2019\release\auradll\int\tentacle.obj
d:\repos\c-drive\aura-se\binary\projects\vs2019\release\auradll\int\tempmonster.obj
d:\repos\c-drive\aura-se\binary\projects\vs2019\release\auradll\int\teamplay_gamerules.obj
d:\repos\c-drive\aura-se\binary\projects\vs2019\release\auradll\int\talkmonster.obj
d:\repos\c-drive\aura-se\binary\projects\vs2019\release\auradll\int\subs.obj
d:\repos\c-drive\aura-se\binary\projects\vs2019\release\auradll\int\squeakgrenade.obj
d:\repos\c-drive\aura-se\binary\projects\vs2019\release\auradll\int\squadmonster.obj
d:\repos\c-drive\aura-se\binary\projects\vs2019\release\auradll\int\spectator.obj
d:\repos\c-drive\aura-se\binary\projects\vs2019\release\auradll\int\spawnchooser.obj
d:\repos\c-drive\aura-se\binary\projects\vs2019\release\auradll\int\soundent.obj
d:\repos\c-drive\aura-se\binary\projects\vs2019\release\auradll\int\agscore.obj
d:\repos\c-drive\aura-se\binary\projects\vs2019\release\auradll\int\agmatch.obj
d:\repos\c-drive\aura-se\binary\projects\vs2019\release\auradll\int\aglms.obj
d:\repos\c-drive\aura-se\binary\projects\vs2019\release\auradll\int\aginfointermission.obj
d:\repos\c-drive\aura-se\binary\projects\vs2019\release\auradll\int\agglobal.obj
d:\repos\c-drive\aura-se\binary\projects\vs2019\release\auradll\int\aggamerules.obj
d:\repos\c-drive\aura-se\binary\projects\vs2019\release\auradll\int\aggamemode.obj
d:\repos\c-drive\aura-se\binary\projects\vs2019\release\auradll\int\aggame.obj
d:\repos\c-drive\aura-se\binary\projects\vs2019\release\auradll\int\agdom.obj
d:\repos\c-drive\aura-se\binary\projects\vs2019\release\auradll\int\agctf.obj
d:\repos\c-drive\aura-se\binary\projects\vs2019\release\auradll\int\agcommand.obj
d:\repos\c-drive\aura-se\binary\projects\vs2019\release\auradll\int\agclient.obj
d:\repos\c-drive\aura-se\binary\projects\vs2019\release\auradll\int\agarena.obj
d:\repos\c-drive\aura-se\binary\projects\vs2019\release\auradll\int\agadmincache.obj
d:\repos\c-drive\aura-se\binary\projects\vs2019\release\auradll\int\agadmin.obj
d:\repos\c-drive\aura-se\binary\projects\vs2019\release\auradll\int\pm_shared.obj
d:\repos\c-drive\aura-se\binary\projects\vs2019\release\auradll\int\pm_math.obj
d:\repos\c-drive\aura-se\binary\projects\vs2019\release\auradll\int\pm_debug.obj
d:\repos\c-drive\aura-se\binary\projects\vs2019\release\auradll\int\algo.obj
d:\repos\c-drive\aura-se\binary\projects\vs2019\release\auradll\int\voice_gamemgr.obj
d:\repos\c-drive\aura-se\binary\projects\vs2019\release\auradll\int\agwallhack.obj
d:\repos\c-drive\aura-se\binary\projects\vs2019\release\auradll\int\agvote.obj
d:\repos\c-drive\aura-se\binary\projects\vs2019\release\auradll\int\agtimer.obj
d:\repos\c-drive\aura-se\binary\projects\vs2019\release\auradll\int\agtimeout.obj
d:\repos\c-drive\aura-se\binary\projects\vs2019\release\auradll\int\agsuddendeath.obj
d:\repos\c-drive\aura-se\binary\projects\vs2019\release\auradll\int\agstats.obj
d:\repos\c-drive\aura-se\binary\projects\vs2019\release\auradll\int\agspectator.obj
d:\repos\c-drive\aura-se\binary\projects\vs2019\release\auradll\int\agsettings.obj
d:\repos\c-drive\aura-se\binary\projects\vs2019\release\auradll\int\agscorelog.obj
d:\repos\c-drive\aura-se\binary\projects\vs2019\release\auradll\int\agscorecache.obj
d:\repos\c-drive\aura-se\binary\projects\vs2019\release\auradll\aura.dll
d:\repos\c-drive\aura-se\binary\projects\vs2019\release\auradll\int\aura.ipdb
d:\repos\c-drive\aura-se\binary\projects\vs2019\release\auradll\int\aura.iobj
d:\repos\c-drive\aura-se\binary\projects\vs2019\release\auradll\aura.pdb
d:\repos\c-drive\aura-se\binary\projects\vs2019\release\auradll\int\auradll.tlog\auradll.write.1u.tlog
d:\repos\c-drive\aura-se\binary\projects\vs2019\release\auradll\int\auradll.tlog\cl.command.1.tlog
d:\repos\c-drive\aura-se\binary\projects\vs2019\release\auradll\int\auradll.tlog\cl.read.1.tlog
d:\repos\c-drive\aura-se\binary\projects\vs2019\release\auradll\int\auradll.tlog\cl.write.1.tlog
d:\repos\c-drive\aura-se\binary\projects\vs2019\release\auradll\int\auradll.tlog\link.command.1.tlog
d:\repos\c-drive\aura-se\binary\projects\vs2019\release\auradll\int\auradll.tlog\link.delete.1.tlog
d:\repos\c-drive\aura-se\binary\projects\vs2019\release\auradll\int\auradll.tlog\link.read.1.tlog
d:\repos\c-drive\aura-se\binary\projects\vs2019\release\auradll\int\auradll.tlog\link.write.1.tlog
