C:\Program Files (x86)\Microsoft Visual Studio\2019\Community\MSBuild\Microsoft\VC\v160\Microsoft.CppBuild.targets(1091,5): warning MSB8027: Two or more files with the name of voice_status.cpp will produce outputs to the same location. This can lead to an incorrect build result.  The files involved are ..\..\cl_dll\voice_status.cpp, ..\..\game_shared\voice_status.cpp.
C:\Program Files (x86)\Microsoft Visual Studio\2019\Community\MSBuild\Microsoft\VC\v160\Microsoft.CppBuild.targets(1091,5): warning MSB8027: Two or more files with the name of interface.cpp will produce outputs to the same location. This can lead to an incorrect build result.  The files involved are ..\..\common\interface.cpp, ..\..\public\interface.cpp.
  ammo.cpp
D:\repos\C-DRIVE\Aura-SE\binary\cl_dll\ammo.cpp(1223,1): fatal error C1010: unexpected end of file while looking for precompiled header. Did you forget to add '#include "pch.h"' to your source?
  ammohistory.cpp
D:\repos\C-DRIVE\Aura-SE\binary\cl_dll\ammohistory.cpp(193,1): fatal error C1010: unexpected end of file while looking for precompiled header. Did you forget to add '#include "pch.h"' to your source?
  ammo_secondary.cpp
D:\repos\C-DRIVE\Aura-SE\binary\cl_dll\ammo_secondary.cpp(160,1): fatal error C1010: unexpected end of file while looking for precompiled header. Did you forget to add '#include "pch.h"' to your source?
  battery.cpp
D:\repos\C-DRIVE\Aura-SE\binary\cl_dll\battery.cpp(159,1): fatal error C1010: unexpected end of file while looking for precompiled header. Did you forget to add '#include "pch.h"' to your source?
  cdll_int.cpp
D:\repos\C-DRIVE\Aura-SE\binary\cl_dll\cdll_int.cpp(498,1): fatal error C1010: unexpected end of file while looking for precompiled header. Did you forget to add '#include "pch.h"' to your source?
  color_tags.cpp
D:\repos\C-DRIVE\Aura-SE\binary\cl_dll\color_tags.cpp(97,1): fatal error C1010: unexpected end of file while looking for precompiled header. Did you forget to add '#include "pch.h"' to your source?
  com_weapons.cpp
D:\repos\C-DRIVE\Aura-SE\binary\cl_dll\com_weapons.cpp(278,1): fatal error C1010: unexpected end of file while looking for precompiled header. Did you forget to add '#include "pch.h"' to your source?
  death.cpp
D:\repos\C-DRIVE\Aura-SE\binary\cl_dll\death.cpp(323,1): fatal error C1010: unexpected end of file while looking for precompiled header. Did you forget to add '#include "pch.h"' to your source?
  demo.cpp
D:\repos\C-DRIVE\Aura-SE\binary\cl_dll\demo.cpp(100,1): fatal error C1010: unexpected end of file while looking for precompiled header. Did you forget to add '#include "pch.h"' to your source?
  discord_integration.cpp
D:\repos\C-DRIVE\Aura-SE\binary\cl_dll\discord_integration.cpp(384,1): fatal error C1010: unexpected end of file while looking for precompiled header. Did you forget to add '#include "pch.h"' to your source?
  entity.cpp
D:\repos\C-DRIVE\Aura-SE\binary\cl_dll\entity.cpp(803,1): fatal error C1010: unexpected end of file while looking for precompiled header. Did you forget to add '#include "pch.h"' to your source?
  events.cpp
D:\repos\C-DRIVE\Aura-SE\binary\cl_dll\events.cpp(24,1): fatal error C1010: unexpected end of file while looking for precompiled header. Did you forget to add '#include "pch.h"' to your source?
  ev_common.cpp
D:\repos\C-DRIVE\Aura-SE\binary\cl_dll\ev_common.cpp(207,1): fatal error C1010: unexpected end of file while looking for precompiled header. Did you forget to add '#include "pch.h"' to your source?
  ev_hldm.cpp
D:\repos\C-DRIVE\Aura-SE\binary\cl_dll\ev_hldm.cpp(1756,1): fatal error C1010: unexpected end of file while looking for precompiled header. Did you forget to add '#include "pch.h"' to your source?
  flashlight.cpp
D:\repos\C-DRIVE\Aura-SE\binary\cl_dll\flashlight.cpp(150,1): fatal error C1010: unexpected end of file while looking for precompiled header. Did you forget to add '#include "pch.h"' to your source?
  forcemodel.cpp
D:\repos\C-DRIVE\Aura-SE\binary\cl_dll\forcemodel.cpp(560,1): fatal error C1010: unexpected end of file while looking for precompiled header. Did you forget to add '#include "pch.h"' to your source?
  GameStudioModelRenderer.cpp
D:\repos\C-DRIVE\Aura-SE\binary\cl_dll\GameStudioModelRenderer.cpp(122,1): fatal error C1010: unexpected end of file while looking for precompiled header. Did you forget to add '#include "pch.h"' to your source?
  GameStudioModelRenderer_Sample.cpp
D:\repos\C-DRIVE\Aura-SE\binary\cl_dll\GameStudioModelRenderer_Sample.cpp(993,1): fatal error C1010: unexpected end of file while looking for precompiled header. Did you forget to add '#include "pch.h"' to your source?
  geiger.cpp
D:\repos\C-DRIVE\Aura-SE\binary\cl_dll\geiger.cpp(181,1): fatal error C1010: unexpected end of file while looking for precompiled header. Did you forget to add '#include "pch.h"' to your source?
  health.cpp
D:\repos\C-DRIVE\Aura-SE\binary\cl_dll\health.cpp(476,1): fatal error C1010: unexpected end of file while looking for precompiled header. Did you forget to add '#include "pch.h"' to your source?
  Compiling...
  hl_baseentity.cpp
D:\repos\C-DRIVE\Aura-SE\binary\cl_dll\hl\hl_baseentity.cpp(349,1): fatal error C1010: unexpected end of file while looking for precompiled header. Did you forget to add '#include "pch.h"' to your source?
  hl_events.cpp
D:\repos\C-DRIVE\Aura-SE\binary\cl_dll\hl\hl_events.cpp(83,1): fatal error C1010: unexpected end of file while looking for precompiled header. Did you forget to add '#include "pch.h"' to your source?
  hl_objects.cpp
D:\repos\C-DRIVE\Aura-SE\binary\cl_dll\hl\hl_objects.cpp(91,1): fatal error C1010: unexpected end of file while looking for precompiled header. Did you forget to add '#include "pch.h"' to your source?
  hl_weapons.cpp
D:\repos\C-DRIVE\Aura-SE\binary\cl_dll\hl\hl_weapons.cpp(1184,1): fatal error C1010: unexpected end of file while looking for precompiled header. Did you forget to add '#include "pch.h"' to your source?
  hud.cpp
D:\repos\C-DRIVE\Aura-SE\binary\cl_dll\hud.cpp(941,1): fatal error C1010: unexpected end of file while looking for precompiled header. Did you forget to add '#include "pch.h"' to your source?
  hudgl.cpp
D:\repos\C-DRIVE\Aura-SE\binary\cl_dll\hudgl.cpp(90,1): fatal error C1010: unexpected end of file while looking for precompiled header. Did you forget to add '#include "pch.h"' to your source?
  hud_bench.cpp
D:\repos\C-DRIVE\Aura-SE\binary\cl_dll\hud_bench.cpp(1114,1): fatal error C1010: unexpected end of file while looking for precompiled header. Did you forget to add '#include "pch.h"' to your source?
  hud_benchtrace.cpp
D:\repos\C-DRIVE\Aura-SE\binary\cl_dll\hud_benchtrace.cpp(237,1): fatal error C1010: unexpected end of file while looking for precompiled header. Did you forget to add '#include "pch.h"' to your source?
  hud_countdown.cpp
D:\repos\C-DRIVE\Aura-SE\binary\cl_dll\hud_countdown.cpp(118,1): fatal error C1010: unexpected end of file while looking for precompiled header. Did you forget to add '#include "pch.h"' to your source?
  hud_crosshairs.cpp
D:\repos\C-DRIVE\Aura-SE\binary\cl_dll\hud_crosshairs.cpp(160,1): fatal error C1010: unexpected end of file while looking for precompiled header. Did you forget to add '#include "pch.h"' to your source?
  hud_ctf.cpp
D:\repos\C-DRIVE\Aura-SE\binary\cl_dll\hud_ctf.cpp(130,1): fatal error C1010: unexpected end of file while looking for precompiled header. Did you forget to add '#include "pch.h"' to your source?
  hud_customtimer.cpp
D:\repos\C-DRIVE\Aura-SE\binary\cl_dll\hud_customtimer.cpp(62,1): fatal error C1010: unexpected end of file while looking for precompiled header. Did you forget to add '#include "pch.h"' to your source?
  hud_debug.cpp
D:\repos\C-DRIVE\Aura-SE\binary\cl_dll\hud_debug.cpp(104,1): fatal error C1010: unexpected end of file while looking for precompiled header. Did you forget to add '#include "pch.h"' to your source?
  hud_location.cpp
D:\repos\C-DRIVE\Aura-SE\binary\cl_dll\hud_location.cpp(144,1): fatal error C1010: unexpected end of file while looking for precompiled header. Did you forget to add '#include "pch.h"' to your source?
  hud_msg.cpp
D:\repos\C-DRIVE\Aura-SE\binary\cl_dll\hud_msg.cpp(163,1): fatal error C1010: unexpected end of file while looking for precompiled header. Did you forget to add '#include "pch.h"' to your source?
  hud_nextmap.cpp
D:\repos\C-DRIVE\Aura-SE\binary\cl_dll\hud_nextmap.cpp(54,1): fatal error C1010: unexpected end of file while looking for precompiled header. Did you forget to add '#include "pch.h"' to your source?
  hud_oldscoreboard.cpp
D:\repos\C-DRIVE\Aura-SE\binary\cl_dll\hud_oldscoreboard.cpp(26,1): warning C4005: 'ROW_RANGE_MIN': macro redefinition
D:\repos\C-DRIVE\Aura-SE\binary\cl_dll\hud_oldscoreboard.cpp(15): message : see previous definition of 'ROW_RANGE_MIN'
D:\repos\C-DRIVE\Aura-SE\binary\cl_dll\hud_oldscoreboard.cpp(27,1): warning C4005: 'DEFAULT_WIDTH': macro redefinition
D:\repos\C-DRIVE\Aura-SE\binary\cl_dll\hud_oldscoreboard.cpp(24): message : see previous definition of 'DEFAULT_WIDTH'
D:\repos\C-DRIVE\Aura-SE\binary\cl_dll\hud_oldscoreboard.cpp(305,1): fatal error C1010: unexpected end of file while looking for precompiled header. Did you forget to add '#include "pch.h"' to your source?
  hud_playerid.cpp
D:\repos\C-DRIVE\Aura-SE\binary\cl_dll\hud_playerid.cpp(82,1): fatal error C1010: unexpected end of file while looking for precompiled header. Did you forget to add '#include "pch.h"' to your source?
  hud_redraw.cpp
D:\repos\C-DRIVE\Aura-SE\binary\cl_dll\hud_redraw.cpp(505,1): fatal error C1010: unexpected end of file while looking for precompiled header. Did you forget to add '#include "pch.h"' to your source?
  hud_scores.cpp
D:\repos\C-DRIVE\Aura-SE\binary\cl_dll\hud_scores.cpp(152,1): fatal error C1010: unexpected end of file while looking for precompiled header. Did you forget to add '#include "pch.h"' to your source?
  Compiling...
  hud_servers.cpp
D:\repos\C-DRIVE\Aura-SE\binary\cl_dll\hud_servers.cpp(1237,1): fatal error C1010: unexpected end of file while looking for precompiled header. Did you forget to add '#include "pch.h"' to your source?
  hud_settings.cpp
D:\repos\C-DRIVE\Aura-SE\binary\cl_dll\hud_settings.cpp(140,1): fatal error C1010: unexpected end of file while looking for precompiled header. Did you forget to add '#include "pch.h"' to your source?
  hud_spectator.cpp
D:\repos\C-DRIVE\Aura-SE\binary\cl_dll\hud_spectator.cpp(2105,1): fatal error C1010: unexpected end of file while looking for precompiled header. Did you forget to add '#include "pch.h"' to your source?
  hud_speedometer.cpp
D:\repos\C-DRIVE\Aura-SE\binary\cl_dll\hud_speedometer.cpp(48,1): fatal error C1010: unexpected end of file while looking for precompiled header. Did you forget to add '#include "pch.h"' to your source?
  hud_suddendeath.cpp
D:\repos\C-DRIVE\Aura-SE\binary\cl_dll\hud_suddendeath.cpp(45,1): fatal error C1010: unexpected end of file while looking for precompiled header. Did you forget to add '#include "pch.h"' to your source?
  hud_timeout.cpp
D:\repos\C-DRIVE\Aura-SE\binary\cl_dll\hud_timeout.cpp(69,1): fatal error C1010: unexpected end of file while looking for precompiled header. Did you forget to add '#include "pch.h"' to your source?
  hud_timer.cpp
D:\repos\C-DRIVE\Aura-SE\binary\cl_dll\hud_timer.cpp(102,1): fatal error C1010: unexpected end of file while looking for precompiled header. Did you forget to add '#include "pch.h"' to your source?
  hud_update.cpp
D:\repos\C-DRIVE\Aura-SE\binary\cl_dll\hud_update.cpp(56,1): fatal error C1010: unexpected end of file while looking for precompiled header. Did you forget to add '#include "pch.h"' to your source?
  hud_vote.cpp
D:\repos\C-DRIVE\Aura-SE\binary\cl_dll\hud_vote.cpp(105,1): fatal error C1010: unexpected end of file while looking for precompiled header. Did you forget to add '#include "pch.h"' to your source?
  hud_watermark.cpp
D:\repos\C-DRIVE\Aura-SE\binary\cl_dll\hud_watermark.cpp(47,1): fatal error C1010: unexpected end of file while looking for precompiled header. Did you forget to add '#include "pch.h"' to your source?
  input.cpp
D:\repos\C-DRIVE\Aura-SE\binary\cl_dll\input.cpp(1121,1): fatal error C1010: unexpected end of file while looking for precompiled header. Did you forget to add '#include "pch.h"' to your source?
  inputw32.cpp
D:\repos\C-DRIVE\Aura-SE\binary\cl_dll\inputw32.cpp(1301,1): fatal error C1010: unexpected end of file while looking for precompiled header. Did you forget to add '#include "pch.h"' to your source?
  interpolation.cpp
D:\repos\C-DRIVE\Aura-SE\binary\cl_dll\interpolation.cpp(223,1): fatal error C1010: unexpected end of file while looking for precompiled header. Did you forget to add '#include "pch.h"' to your source?
  in_camera.cpp
D:\repos\C-DRIVE\Aura-SE\binary\cl_dll\in_camera.cpp(610,1): fatal error C1010: unexpected end of file while looking for precompiled header. Did you forget to add '#include "pch.h"' to your source?
  menu.cpp
D:\repos\C-DRIVE\Aura-SE\binary\cl_dll\menu.cpp(284,1): fatal error C1010: unexpected end of file while looking for precompiled header. Did you forget to add '#include "pch.h"' to your source?
  message.cpp
D:\repos\C-DRIVE\Aura-SE\binary\cl_dll\message.cpp(549,1): fatal error C1010: unexpected end of file while looking for precompiled header. Did you forget to add '#include "pch.h"' to your source?
  MOTD.cpp
D:\repos\C-DRIVE\Aura-SE\binary\cl_dll\MOTD.cpp(156,1): fatal error C1010: unexpected end of file while looking for precompiled header. Did you forget to add '#include "pch.h"' to your source?
  overview.cpp
D:\repos\C-DRIVE\Aura-SE\binary\cl_dll\overview.cpp(161,1): fatal error C1010: unexpected end of file while looking for precompiled header. Did you forget to add '#include "pch.h"' to your source?
  rainbow.cpp
D:\repos\C-DRIVE\Aura-SE\binary\cl_dll\rainbow.cpp(225,1): fatal error C1010: unexpected end of file while looking for precompiled header. Did you forget to add '#include "pch.h"' to your source?
  saytext.cpp
D:\repos\C-DRIVE\Aura-SE\binary\cl_dll\saytext.cpp(406,1): fatal error C1010: unexpected end of file while looking for precompiled header. Did you forget to add '#include "pch.h"' to your source?
  Compiling...
  scoreboard.cpp
D:\repos\C-DRIVE\Aura-SE\binary\cl_dll\scoreboard.cpp(592,1): fatal error C1010: unexpected end of file while looking for precompiled header. Did you forget to add '#include "pch.h"' to your source?
  soundsystem.cpp
D:\repos\C-DRIVE\Aura-SE\binary\cl_dll\soundsystem.cpp(163,1): fatal error C1010: unexpected end of file while looking for precompiled header. Did you forget to add '#include "pch.h"' to your source?
  statusbar.cpp
D:\repos\C-DRIVE\Aura-SE\binary\cl_dll\statusbar.cpp(35,1): warning C4005: 'STATUSBAR_ID_LINE': macro redefinition
D:\repos\C-DRIVE\Aura-SE\binary\cl_dll\statusbar.cpp(33): message : see previous definition of 'STATUSBAR_ID_LINE'
D:\repos\C-DRIVE\Aura-SE\binary\cl_dll\statusbar.cpp(275,1): fatal error C1010: unexpected end of file while looking for precompiled header. Did you forget to add '#include "pch.h"' to your source?
  status_icons.cpp
D:\repos\C-DRIVE\Aura-SE\binary\cl_dll\status_icons.cpp(164,1): fatal error C1010: unexpected end of file while looking for precompiled header. Did you forget to add '#include "pch.h"' to your source?
  steam_id.cpp
D:\repos\C-DRIVE\Aura-SE\binary\cl_dll\steam_id.cpp(187,1): fatal error C1010: unexpected end of file while looking for precompiled header. Did you forget to add '#include "pch.h"' to your source?
  StudioModelRenderer.cpp
D:\repos\C-DRIVE\Aura-SE\binary\cl_dll\StudioModelRenderer.cpp(2221,1): fatal error C1010: unexpected end of file while looking for precompiled header. Did you forget to add '#include "pch.h"' to your source?
  studio_util.cpp
D:\repos\C-DRIVE\Aura-SE\binary\cl_dll\studio_util.cpp(252,1): fatal error C1010: unexpected end of file while looking for precompiled header. Did you forget to add '#include "pch.h"' to your source?
  text_message.cpp
D:\repos\C-DRIVE\Aura-SE\binary\cl_dll\text_message.cpp(215,1): fatal error C1010: unexpected end of file while looking for precompiled header. Did you forget to add '#include "pch.h"' to your source?
  train.cpp
D:\repos\C-DRIVE\Aura-SE\binary\cl_dll\train.cpp(86,1): fatal error C1010: unexpected end of file while looking for precompiled header. Did you forget to add '#include "pch.h"' to your source?
  tri.cpp
D:\repos\C-DRIVE\Aura-SE\binary\cl_dll\tri.cpp(61,1): fatal error C1010: unexpected end of file while looking for precompiled header. Did you forget to add '#include "pch.h"' to your source?
  update_checker.cpp
D:\repos\C-DRIVE\Aura-SE\binary\cl_dll\update_checker.cpp(154,1): fatal error C1010: unexpected end of file while looking for precompiled header. Did you forget to add '#include "pch.h"' to your source?
  util.cpp
D:\repos\C-DRIVE\Aura-SE\binary\cl_dll\util.cpp(134,1): fatal error C1010: unexpected end of file while looking for precompiled header. Did you forget to add '#include "pch.h"' to your source?
  vgui_ClassMenu.cpp
D:\repos\C-DRIVE\Aura-SE\binary\cl_dll\vgui_ClassMenu.cpp(438,1): fatal error C1010: unexpected end of file while looking for precompiled header. Did you forget to add '#include "pch.h"' to your source?
  vgui_ConsolePanel.cpp
D:\repos\C-DRIVE\Aura-SE\binary\cl_dll\vgui_ConsolePanel.cpp(102,1): fatal error C1010: unexpected end of file while looking for precompiled header. Did you forget to add '#include "pch.h"' to your source?
  vgui_ControlConfigPanel.cpp
D:\repos\C-DRIVE\Aura-SE\binary\cl_dll\vgui_ControlConfigPanel.cpp(213,1): fatal error C1010: unexpected end of file while looking for precompiled header. Did you forget to add '#include "pch.h"' to your source?
  vgui_CustomObjects.cpp
D:\repos\C-DRIVE\Aura-SE\binary\cl_dll\vgui_CustomObjects.cpp(555,1): fatal error C1010: unexpected end of file while looking for precompiled header. Did you forget to add '#include "pch.h"' to your source?
  vgui_int.cpp
D:\repos\C-DRIVE\Aura-SE\binary\cl_dll\vgui_int.cpp(136,1): fatal error C1010: unexpected end of file while looking for precompiled header. Did you forget to add '#include "pch.h"' to your source?
  vgui_MOTDWindow.cpp
D:\repos\C-DRIVE\Aura-SE\binary\cl_dll\vgui_MOTDWindow.cpp(155,1): fatal error C1010: unexpected end of file while looking for precompiled header. Did you forget to add '#include "pch.h"' to your source?
  vgui_SchemeManager.cpp
D:\repos\C-DRIVE\Aura-SE\binary\cl_dll\vgui_SchemeManager.cpp(569,1): fatal error C1010: unexpected end of file while looking for precompiled header. Did you forget to add '#include "pch.h"' to your source?
  vgui_ScorePanel.cpp
D:\repos\C-DRIVE\Aura-SE\binary\cl_dll\vgui_ScorePanel.cpp(1247,1): fatal error C1010: unexpected end of file while looking for precompiled header. Did you forget to add '#include "pch.h"' to your source?
  Compiling...
  vgui_ServerBrowser.cpp
D:\repos\C-DRIVE\Aura-SE\binary\cl_dll\vgui_ServerBrowser.cpp(624,1): fatal error C1010: unexpected end of file while looking for precompiled header. Did you forget to add '#include "pch.h"' to your source?
  vgui_SpectatorPanel.cpp
D:\repos\C-DRIVE\Aura-SE\binary\cl_dll\vgui_SpectatorPanel.cpp(432,1): fatal error C1010: unexpected end of file while looking for precompiled header. Did you forget to add '#include "pch.h"' to your source?
  vgui_TeamFortressViewport.cpp
D:\repos\C-DRIVE\Aura-SE\binary\cl_dll\vgui_TeamFortressViewport.cpp(2678,1): fatal error C1010: unexpected end of file while looking for precompiled header. Did you forget to add '#include "pch.h"' to your source?
  vgui_teammenu.cpp
D:\repos\C-DRIVE\Aura-SE\binary\cl_dll\vgui_teammenu.cpp(394,1): fatal error C1010: unexpected end of file while looking for precompiled header. Did you forget to add '#include "pch.h"' to your source?
  vgui_UnicodeTextImage.cpp
D:\repos\C-DRIVE\Aura-SE\binary\cl_dll\vgui_UnicodeTextImage.cpp(308,1): warning C4005: 'DLL_EXT': macro redefinition
D:\repos\C-DRIVE\Aura-SE\binary\cl_dll\vgui_UnicodeTextImage.cpp(306): message : see previous definition of 'DLL_EXT'
D:\repos\C-DRIVE\Aura-SE\binary\cl_dll\vgui_UnicodeTextImage.cpp(582,1): fatal error C1010: unexpected end of file while looking for precompiled header. Did you forget to add '#include "pch.h"' to your source?
  view.cpp
D:\repos\C-DRIVE\Aura-SE\binary\cl_dll\view.cpp(2053,1): fatal error C1010: unexpected end of file while looking for precompiled header. Did you forget to add '#include "pch.h"' to your source?
  voice_status.cpp
D:\repos\C-DRIVE\Aura-SE\binary\cl_dll\voice_status.cpp(900,1): fatal error C1010: unexpected end of file while looking for precompiled header. Did you forget to add '#include "pch.h"' to your source?
  interface.cpp
D:\repos\C-DRIVE\Aura-SE\binary\common\interface.cpp(151,1): fatal error C1010: unexpected end of file while looking for precompiled header. Did you forget to add '#include "pch.h"' to your source?
  parsemsg.cpp
D:\repos\C-DRIVE\Aura-SE\binary\common\parsemsg.cpp(260,1): fatal error C1010: unexpected end of file while looking for precompiled header. Did you forget to add '#include "pch.h"' to your source?
  crossbow.cpp
D:\repos\C-DRIVE\Aura-SE\binary\dlls\crossbow.cpp(650,1): fatal error C1010: unexpected end of file while looking for precompiled header. Did you forget to add '#include "pch.h"' to your source?
  crowbar.cpp
D:\repos\C-DRIVE\Aura-SE\binary\dlls\crowbar.cpp(342,1): fatal error C1010: unexpected end of file while looking for precompiled header. Did you forget to add '#include "pch.h"' to your source?
  egon.cpp
D:\repos\C-DRIVE\Aura-SE\binary\dlls\egon.cpp(569,1): fatal error C1010: unexpected end of file while looking for precompiled header. Did you forget to add '#include "pch.h"' to your source?
  gauss.cpp
D:\repos\C-DRIVE\Aura-SE\binary\dlls\gauss.cpp(624,1): fatal error C1010: unexpected end of file while looking for precompiled header. Did you forget to add '#include "pch.h"' to your source?
  handgrenade.cpp
D:\repos\C-DRIVE\Aura-SE\binary\dlls\handgrenade.cpp(234,1): fatal error C1010: unexpected end of file while looking for precompiled header. Did you forget to add '#include "pch.h"' to your source?
  hornetgun.cpp
D:\repos\C-DRIVE\Aura-SE\binary\dlls\hornetgun.cpp(306,1): fatal error C1010: unexpected end of file while looking for precompiled header. Did you forget to add '#include "pch.h"' to your source?
  mp5.cpp
D:\repos\C-DRIVE\Aura-SE\binary\dlls\mp5.cpp(424,1): fatal error C1010: unexpected end of file while looking for precompiled header. Did you forget to add '#include "pch.h"' to your source?
  CEagle.cpp
D:\repos\C-DRIVE\Aura-SE\binary\dlls\op4_weapons\CEagle.cpp(377,1): fatal error C1010: unexpected end of file while looking for precompiled header. Did you forget to add '#include "pch.h"' to your source?
  CEagleLaser.cpp
D:\repos\C-DRIVE\Aura-SE\binary\dlls\op4_weapons\CEagleLaser.cpp(33,1): fatal error C1010: unexpected end of file while looking for precompiled header. Did you forget to add '#include "pch.h"' to your source?
  CGrapple.cpp
D:\repos\C-DRIVE\Aura-SE\binary\dlls\op4_weapons\CGrapple.cpp(567,1): fatal error C1010: unexpected end of file while looking for precompiled header. Did you forget to add '#include "pch.h"' to your source?
  CGrappleTip.cpp
D:\repos\C-DRIVE\Aura-SE\binary\dlls\op4_weapons\CGrappleTip.cpp(309,1): fatal error C1010: unexpected end of file while looking for precompiled header. Did you forget to add '#include "pch.h"' to your source?
  Compiling...
  CM249.cpp
D:\repos\C-DRIVE\Aura-SE\binary\dlls\op4_weapons\CM249.cpp(393,1): fatal error C1010: unexpected end of file while looking for precompiled header. Did you forget to add '#include "pch.h"' to your source?
  CPenguin.cpp
D:\repos\C-DRIVE\Aura-SE\binary\dlls\op4_weapons\CPenguin.cpp(222,1): fatal error C1010: unexpected end of file while looking for precompiled header. Did you forget to add '#include "pch.h"' to your source?
  CSniperRifle.cpp
D:\repos\C-DRIVE\Aura-SE\binary\dlls\op4_weapons\CSniperRifle.cpp(285,1): fatal error C1010: unexpected end of file while looking for precompiled header. Did you forget to add '#include "pch.h"' to your source?
  python.cpp
D:\repos\C-DRIVE\Aura-SE\binary\dlls\python.cpp(321,1): fatal error C1010: unexpected end of file while looking for precompiled header. Did you forget to add '#include "pch.h"' to your source?
  rpg.cpp
D:\repos\C-DRIVE\Aura-SE\binary\dlls\rpg.cpp(644,1): fatal error C1010: unexpected end of file while looking for precompiled header. Did you forget to add '#include "pch.h"' to your source?
  satchel.cpp
D:\repos\C-DRIVE\Aura-SE\binary\dlls\satchel.cpp(500,1): fatal error C1010: unexpected end of file while looking for precompiled header. Did you forget to add '#include "pch.h"' to your source?
  shotgun.cpp
D:\repos\C-DRIVE\Aura-SE\binary\dlls\shotgun.cpp(383,1): fatal error C1010: unexpected end of file while looking for precompiled header. Did you forget to add '#include "pch.h"' to your source?
  squeakgrenade.cpp
D:\repos\C-DRIVE\Aura-SE\binary\dlls\squeakgrenade.cpp(609,1): fatal error C1010: unexpected end of file while looking for precompiled header. Did you forget to add '#include "pch.h"' to your source?
  tripmine.cpp
D:\repos\C-DRIVE\Aura-SE\binary\dlls\tripmine.cpp(528,1): fatal error C1010: unexpected end of file while looking for precompiled header. Did you forget to add '#include "pch.h"' to your source?
  hl_wpn_glock.cpp
D:\repos\C-DRIVE\Aura-SE\binary\dlls\wpn_shared\hl_wpn_glock.cpp(283,1): fatal error C1010: unexpected end of file while looking for precompiled header. Did you forget to add '#include "pch.h"' to your source?
  shared_util.cpp
D:\repos\C-DRIVE\Aura-SE\binary\game_shared\shared_util.cpp(262,1): fatal error C1010: unexpected end of file while looking for precompiled header. Did you forget to add '#include "pch.h"' to your source?
  vgui_checkbutton2.cpp
D:\repos\C-DRIVE\Aura-SE\binary\game_shared\vgui_checkbutton2.cpp(198,1): fatal error C1010: unexpected end of file while looking for precompiled header. Did you forget to add '#include "pch.h"' to your source?
  vgui_grid.cpp
D:\repos\C-DRIVE\Aura-SE\binary\game_shared\vgui_grid.cpp(399,1): fatal error C1010: unexpected end of file while looking for precompiled header. Did you forget to add '#include "pch.h"' to your source?
  vgui_helpers.cpp
D:\repos\C-DRIVE\Aura-SE\binary\game_shared\vgui_helpers.cpp(46,1): fatal error C1010: unexpected end of file while looking for precompiled header. Did you forget to add '#include "pch.h"' to your source?
  vgui_listbox.cpp
D:\repos\C-DRIVE\Aura-SE\binary\game_shared\vgui_listbox.cpp(208,1): fatal error C1010: unexpected end of file while looking for precompiled header. Did you forget to add '#include "pch.h"' to your source?
  vgui_loadtga.cpp
D:\repos\C-DRIVE\Aura-SE\binary\game_shared\vgui_loadtga.cpp(94,1): fatal error C1010: unexpected end of file while looking for precompiled header. Did you forget to add '#include "pch.h"' to your source?
  vgui_scrollbar2.cpp
D:\repos\C-DRIVE\Aura-SE\binary\game_shared\vgui_scrollbar2.cpp(311,1): fatal error C1010: unexpected end of file while looking for precompiled header. Did you forget to add '#include "pch.h"' to your source?
  vgui_slider2.cpp
D:\repos\C-DRIVE\Aura-SE\binary\game_shared\vgui_slider2.cpp(437,1): fatal error C1010: unexpected end of file while looking for precompiled header. Did you forget to add '#include "pch.h"' to your source?
  voice_banmgr.cpp
D:\repos\C-DRIVE\Aura-SE\binary\game_shared\voice_banmgr.cpp(198,1): fatal error C1010: unexpected end of file while looking for precompiled header. Did you forget to add '#include "pch.h"' to your source?
  voice_gamemgr.cpp
D:\repos\C-DRIVE\Aura-SE\binary\game_shared\voice_gamemgr.cpp(275,1): fatal error C1010: unexpected end of file while looking for precompiled header. Did you forget to add '#include "pch.h"' to your source?
  Compiling...
  voice_status.cpp
D:\repos\C-DRIVE\Aura-SE\binary\game_shared\voice_status.cpp(468,1): fatal error C1010: unexpected end of file while looking for precompiled header. Did you forget to add '#include "pch.h"' to your source?
  voice_status_hud.cpp
D:\repos\C-DRIVE\Aura-SE\binary\game_shared\voice_status_hud.cpp(413,1): fatal error C1010: unexpected end of file while looking for precompiled header. Did you forget to add '#include "pch.h"' to your source?
  voice_vgui_tweakdlg.cpp
D:\repos\C-DRIVE\Aura-SE\binary\game_shared\voice_vgui_tweakdlg.cpp(290,1): fatal error C1010: unexpected end of file while looking for precompiled header. Did you forget to add '#include "pch.h"' to your source?
  pm_debug.cpp
D:\repos\C-DRIVE\Aura-SE\binary\pm_shared\pm_debug.cpp(321,1): fatal error C1010: unexpected end of file while looking for precompiled header. Did you forget to add '#include "pch.h"' to your source?
  pm_math.cpp
D:\repos\C-DRIVE\Aura-SE\binary\pm_shared\pm_math.cpp(466,1): fatal error C1010: unexpected end of file while looking for precompiled header. Did you forget to add '#include "pch.h"' to your source?
  pm_shared.cpp
D:\repos\C-DRIVE\Aura-SE\binary\pm_shared\pm_shared.cpp(3377,1): fatal error C1010: unexpected end of file while looking for precompiled header. Did you forget to add '#include "pch.h"' to your source?
  interface.cpp
D:\repos\C-DRIVE\Aura-SE\binary\public\interface.cpp(271,1): fatal error C1010: unexpected end of file while looking for precompiled header. Did you forget to add '#include "pch.h"' to your source?
